#
# There is insufficient memory for the Java Runtime Environment to continue.
# Native memory allocation (malloc) failed to allocate 878016 bytes. Error detail: Chunk::new
# Possible reasons:
#   The system is out of physical RAM or swap space
#   This process is running with CompressedOops enabled, and the Java Heap may be blocking the growth of the native heap
# Possible solutions:
#   Reduce memory load on the system
#   Increase physical memory or swap space
#   Check if swap backing store is full
#   Decrease Java heap size (-Xmx/-Xms)
#   Decrease number of Java threads
#   Decrease Java thread stack sizes (-Xss)
#   Set larger code cache with -XX:ReservedCodeCacheSize=
#   JVM is running with Unscaled Compressed Oops mode in which the Java heap is
#     placed in the first 4GB address space. The Java Heap base address is the
#     maximum limit for the native heap growth. Please use -XX:HeapBaseMinAddress
#     to set the Java Heap base and to place the Java Heap above 4GB virtual address.
# This output file may be truncated or incomplete.
#
#  Out of Memory Error (arena.cpp:168), pid=19752, tid=15368
#
# JRE version: OpenJDK Runtime Environment Temurin-21.0.6+7 (21.0.6+7) (build 21.0.6+7-LTS)
# Java VM: OpenJDK 64-Bit Server VM Temurin-21.0.6+7 (21.0.6+7-LTS, mixed mode, sharing, tiered, compressed oops, compressed class ptrs, parallel gc, windows-amd64)
# No core dump will be written. Minidumps are not enabled by default on client versions of Windows
#

---------------  S U M M A R Y ------------

Command Line: --add-modules=ALL-SYSTEM --add-opens=java.base/java.util=ALL-UNNAMED --add-opens=java.base/java.lang=ALL-UNNAMED --add-opens=java.base/sun.nio.fs=ALL-UNNAMED -Declipse.application=org.eclipse.jdt.ls.core.id1 -Dosgi.bundles.defaultStartLevel=4 -Declipse.product=org.eclipse.jdt.ls.core.product -Djava.import.generatesMetadataFilesAtProjectRoot=false -DDetectVMInstallationsJob.disabled=true -Dfile.encoding=utf8 -XX:+UseParallelGC -XX:GCTimeRatio=4 -XX:AdaptiveSizePolicyWeight=90 -Dsun.zip.disableMemoryMapping=true -Xmx1G -Xms100m -Xlog:disable -javaagent:c:\Users\electro fatal\.vscode\extensions\redhat.java-1.41.1-win32-x64\lombok\lombok-1.18.36.jar -XX:+HeapDumpOnOutOfMemoryError -XX:HeapDumpPath=c:\Users\electro fatal\AppData\Roaming\Code\User\workspaceStorage\14ca5f512a10cbae4fa5c18548324113\redhat.java -Daether.dependencyCollector.impl=bf c:\Users\electro fatal\.vscode\extensions\redhat.java-1.41.1-win32-x64\server\plugins\org.eclipse.equinox.launcher_1.7.0.v20250331-1702.jar -configuration c:\Users\electro fatal\AppData\Roaming\Code\User\globalStorage\redhat.java\1.41.1\config_win -data c:\Users\electro fatal\AppData\Roaming\Code\User\workspaceStorage\14ca5f512a10cbae4fa5c18548324113\redhat.java\jdt_ws --pipe=\\.\pipe\lsp-8645290d8289494a07628ca98f1ac23f-sock

Host: AMD Ryzen 7 5700U with Radeon Graphics         , 16 cores, 7G,  Windows 11 , 64 bit Build 22621 (10.0.22621.5124)
Time: Mon May 19 11:47:25 2025 Morocco Daylight Time elapsed time: 25.888210 seconds (0d 0h 0m 25s)

---------------  T H R E A D  ---------------

Current thread (0x0000022e5cc0e4f0):  JavaThread "C2 CompilerThread0" daemon [_thread_in_native, id=15368, stack(0x00000087aa100000,0x00000087aa200000) (1024K)]


Current CompileTask:
C2:25888 7942   !   4       org.eclipse.jdt.internal.core.search.indexing.BinaryIndexer::indexDocument (1204 bytes)

Stack: [0x00000087aa100000,0x00000087aa200000]
Native frames: (J=compiled Java code, j=interpreted, Vv=VM code, C=native code)
V  [jvm.dll+0x6cdee9]
V  [jvm.dll+0x8a83d1]
V  [jvm.dll+0x8aa8fe]
V  [jvm.dll+0x8aafe3]
V  [jvm.dll+0x27f706]
V  [jvm.dll+0xc500d]
V  [jvm.dll+0xc5543]
V  [jvm.dll+0x2f2acd]
V  [jvm.dll+0x5f6a2a]
V  [jvm.dll+0x250bb2]
V  [jvm.dll+0x24965f]
V  [jvm.dll+0x246ec4]
V  [jvm.dll+0x1c75ee]
V  [jvm.dll+0x25685a]
V  [jvm.dll+0x254dfa]
V  [jvm.dll+0x3f0256]
V  [jvm.dll+0x851f8b]
V  [jvm.dll+0x6cc5ed]
C  [ucrtbase.dll+0x29333]
C  [KERNEL32.DLL+0x1259d]
C  [ntdll.dll+0x5af38]


---------------  P R O C E S S  ---------------

Threads class SMR info:
_java_thread_list=0x0000022e63dca3c0, length=48, elements={
0x0000022e4713dc60, 0x0000022e5b52e570, 0x0000022e5cc04e20, 0x0000022e5cc060c0,
0x0000022e5cc07220, 0x0000022e5cc0a910, 0x0000022e5cc0c370, 0x0000022e5cc0e4f0,
0x0000022e5cc16b20, 0x0000022e5cd0ced0, 0x0000022e5e2c60d0, 0x0000022e5ea6a600,
0x0000022e63007060, 0x0000022e5eaa3f20, 0x0000022e5eaa6d90, 0x0000022e5e850ae0,
0x0000022e5e732880, 0x0000022e5e7b03c0, 0x0000022e5e7b1f00, 0x0000022e5e536450,
0x0000022e5e5350a0, 0x0000022e5e535730, 0x0000022e5e537800, 0x0000022e5e537170,
0x0000022e5e534380, 0x0000022e5e534a10, 0x0000022e5e535dc0, 0x0000022e5e536ae0,
0x0000022e64c41930, 0x0000022e64c3de20, 0x0000022e64c3e4b0, 0x0000022e64c41fc0,
0x0000022e64c3eb40, 0x0000022e64c3f1d0, 0x0000022e64c3f860, 0x0000022e64c3fef0,
0x0000022e64c3b030, 0x0000022e64c42650, 0x0000022e64c40c10, 0x0000022e64c40580,
0x0000022e64c412a0, 0x0000022e64c3b6c0, 0x0000022e64c3bd50, 0x0000022e64c3c3e0,
0x0000022e64c3ca70, 0x0000022e64c3d100, 0x0000022e64c3d790, 0x0000022e5ea4b150
}

Java Threads: ( => current thread )
  0x0000022e4713dc60 JavaThread "main"                              [_thread_blocked, id=9324, stack(0x00000087a9700000,0x00000087a9800000) (1024K)]
  0x0000022e5b52e570 JavaThread "Reference Handler"          daemon [_thread_blocked, id=18300, stack(0x00000087a9b00000,0x00000087a9c00000) (1024K)]
  0x0000022e5cc04e20 JavaThread "Finalizer"                  daemon [_thread_blocked, id=24996, stack(0x00000087a9c00000,0x00000087a9d00000) (1024K)]
  0x0000022e5cc060c0 JavaThread "Signal Dispatcher"          daemon [_thread_blocked, id=19968, stack(0x00000087a9d00000,0x00000087a9e00000) (1024K)]
  0x0000022e5cc07220 JavaThread "Attach Listener"            daemon [_thread_blocked, id=25220, stack(0x00000087a9e00000,0x00000087a9f00000) (1024K)]
  0x0000022e5cc0a910 JavaThread "Service Thread"             daemon [_thread_blocked, id=20448, stack(0x00000087a9f00000,0x00000087aa000000) (1024K)]
  0x0000022e5cc0c370 JavaThread "Monitor Deflation Thread"   daemon [_thread_blocked, id=11812, stack(0x00000087aa000000,0x00000087aa100000) (1024K)]
=>0x0000022e5cc0e4f0 JavaThread "C2 CompilerThread0"         daemon [_thread_in_native, id=15368, stack(0x00000087aa100000,0x00000087aa200000) (1024K)]
  0x0000022e5cc16b20 JavaThread "C1 CompilerThread0"         daemon [_thread_blocked, id=17504, stack(0x00000087aa200000,0x00000087aa300000) (1024K)]
  0x0000022e5cd0ced0 JavaThread "Common-Cleaner"             daemon [_thread_blocked, id=13520, stack(0x00000087aa300000,0x00000087aa400000) (1024K)]
  0x0000022e5e2c60d0 JavaThread "Notification Thread"        daemon [_thread_blocked, id=21496, stack(0x00000087aa500000,0x00000087aa600000) (1024K)]
  0x0000022e5ea6a600 JavaThread "Active Thread: Equinox Container: 4c516f68-9c28-4744-8851-14b54b3c6d85"        [_thread_blocked, id=12188, stack(0x00000087aad00000,0x00000087aae00000) (1024K)]
  0x0000022e63007060 JavaThread "Refresh Thread: Equinox Container: 4c516f68-9c28-4744-8851-14b54b3c6d85" daemon [_thread_blocked, id=12672, stack(0x00000087aac00000,0x00000087aad00000) (1024K)]
  0x0000022e5eaa3f20 JavaThread "Framework Event Dispatcher: Equinox Container: 4c516f68-9c28-4744-8851-14b54b3c6d85" daemon [_thread_blocked, id=19528, stack(0x00000087aae00000,0x00000087aaf00000) (1024K)]
  0x0000022e5eaa6d90 JavaThread "Start Level: Equinox Container: 4c516f68-9c28-4744-8851-14b54b3c6d85" daemon [_thread_blocked, id=11508, stack(0x00000087aaf00000,0x00000087ab000000) (1024K)]
  0x0000022e5e850ae0 JavaThread "Bundle File Closer"         daemon [_thread_blocked, id=25396, stack(0x00000087ab000000,0x00000087ab100000) (1024K)]
  0x0000022e5e732880 JavaThread "SCR Component Actor"        daemon [_thread_blocked, id=15092, stack(0x00000087ab300000,0x00000087ab400000) (1024K)]
  0x0000022e5e7b03c0 JavaThread "C1 CompilerThread1"         daemon [_thread_blocked, id=9812, stack(0x00000087ab500000,0x00000087ab600000) (1024K)]
  0x0000022e5e7b1f00 JavaThread "C1 CompilerThread2"         daemon [_thread_blocked, id=11020, stack(0x00000087ab600000,0x00000087ab700000) (1024K)]
  0x0000022e5e536450 JavaThread "Worker-JM"                         [_thread_blocked, id=23048, stack(0x00000087aba00000,0x00000087abb00000) (1024K)]
  0x0000022e5e5350a0 JavaThread "JNA Cleaner"                daemon [_thread_blocked, id=10148, stack(0x00000087abb00000,0x00000087abc00000) (1024K)]
  0x0000022e5e535730 JavaThread "Worker-0: Building"                [_thread_in_native, id=11712, stack(0x00000087abc00000,0x00000087abd00000) (1024K)]
  0x0000022e5e537800 JavaThread "Worker-1"                          [_thread_blocked, id=9892, stack(0x00000087abd00000,0x00000087abe00000) (1024K)]
  0x0000022e5e537170 JavaThread "Java indexing"              daemon [_thread_in_Java, id=24544, stack(0x00000087abe00000,0x00000087abf00000) (1024K)]
  0x0000022e5e534380 JavaThread "Worker-2"                          [_thread_blocked, id=21308, stack(0x00000087abf00000,0x00000087ac000000) (1024K)]
  0x0000022e5e534a10 JavaThread "Worker-3: Java indexing... "        [_thread_blocked, id=11312, stack(0x00000087ac000000,0x00000087ac100000) (1024K)]
  0x0000022e5e535dc0 JavaThread "Thread-2"                   daemon [_thread_in_native, id=11364, stack(0x00000087ac100000,0x00000087ac200000) (1024K)]
  0x0000022e5e536ae0 JavaThread "Thread-3"                   daemon [_thread_in_native, id=11368, stack(0x00000087ac200000,0x00000087ac300000) (1024K)]
  0x0000022e64c41930 JavaThread "Thread-4"                   daemon [_thread_in_native, id=17352, stack(0x00000087ac300000,0x00000087ac400000) (1024K)]
  0x0000022e64c3de20 JavaThread "Thread-5"                   daemon [_thread_in_native, id=16880, stack(0x00000087ac400000,0x00000087ac500000) (1024K)]
  0x0000022e64c3e4b0 JavaThread "Thread-6"                   daemon [_thread_in_native, id=16896, stack(0x00000087ac500000,0x00000087ac600000) (1024K)]
  0x0000022e64c41fc0 JavaThread "Thread-7"                   daemon [_thread_in_native, id=19104, stack(0x00000087ac600000,0x00000087ac700000) (1024K)]
  0x0000022e64c3eb40 JavaThread "Thread-8"                   daemon [_thread_in_native, id=14512, stack(0x00000087ac700000,0x00000087ac800000) (1024K)]
  0x0000022e64c3f1d0 JavaThread "Thread-9"                   daemon [_thread_in_native, id=15116, stack(0x00000087ac800000,0x00000087ac900000) (1024K)]
  0x0000022e64c3f860 JavaThread "Thread-10"                  daemon [_thread_in_native, id=21096, stack(0x00000087ac900000,0x00000087aca00000) (1024K)]
  0x0000022e64c3fef0 JavaThread "Thread-11"                  daemon [_thread_in_native, id=15808, stack(0x00000087aca00000,0x00000087acb00000) (1024K)]
  0x0000022e64c3b030 JavaThread "Thread-12"                  daemon [_thread_in_native, id=22164, stack(0x00000087acb00000,0x00000087acc00000) (1024K)]
  0x0000022e64c42650 JavaThread "Thread-13"                  daemon [_thread_in_native, id=25156, stack(0x00000087acc00000,0x00000087acd00000) (1024K)]
  0x0000022e64c40c10 JavaThread "Thread-14"                  daemon [_thread_in_native, id=21888, stack(0x00000087acd00000,0x00000087ace00000) (1024K)]
  0x0000022e64c40580 JavaThread "Thread-15"                  daemon [_thread_in_native, id=1724, stack(0x00000087ace00000,0x00000087acf00000) (1024K)]
  0x0000022e64c412a0 JavaThread "Thread-16"                  daemon [_thread_in_native, id=14696, stack(0x00000087acf00000,0x00000087ad000000) (1024K)]
  0x0000022e64c3b6c0 JavaThread "Thread-17"                  daemon [_thread_in_native, id=4388, stack(0x00000087ad000000,0x00000087ad100000) (1024K)]
  0x0000022e64c3bd50 JavaThread "Thread-18"                  daemon [_thread_in_native, id=2576, stack(0x00000087ad100000,0x00000087ad200000) (1024K)]
  0x0000022e64c3c3e0 JavaThread "pool-2-thread-1"                   [_thread_blocked, id=23564, stack(0x00000087ad200000,0x00000087ad300000) (1024K)]
  0x0000022e64c3ca70 JavaThread "WorkspaceEventsHandler"            [_thread_blocked, id=21796, stack(0x00000087ad300000,0x00000087ad400000) (1024K)]
  0x0000022e64c3d100 JavaThread "pool-1-thread-1"                   [_thread_blocked, id=18172, stack(0x00000087ad400000,0x00000087ad500000) (1024K)]
  0x0000022e64c3d790 JavaThread "Worker-4"                          [_thread_blocked, id=11104, stack(0x00000087ad500000,0x00000087ad600000) (1024K)]
  0x0000022e5ea4b150 JavaThread "Worker-5"                          [_thread_blocked, id=23408, stack(0x00000087ad600000,0x00000087ad700000) (1024K)]
Total: 48

Other Threads:
  0x0000022e5b514840 VMThread "VM Thread"                           [id=18248, stack(0x00000087a9a00000,0x00000087a9b00000) (1024K)]
  0x0000022e471aada0 WatcherThread "VM Periodic Task Thread"        [id=25388, stack(0x00000087a9900000,0x00000087a9a00000) (1024K)]
  0x0000022e4715d3f0 WorkerThread "GC Thread#0"                     [id=18768, stack(0x00000087a9800000,0x00000087a9900000) (1024K)]
  0x0000022e5e64e500 WorkerThread "GC Thread#1"                     [id=25544, stack(0x00000087aa600000,0x00000087aa700000) (1024K)]
  0x0000022e5e41d1b0 WorkerThread "GC Thread#2"                     [id=25224, stack(0x00000087aa700000,0x00000087aa800000) (1024K)]
  0x0000022e5e41d550 WorkerThread "GC Thread#3"                     [id=17640, stack(0x00000087aa800000,0x00000087aa900000) (1024K)]
  0x0000022e5e6a0c70 WorkerThread "GC Thread#4"                     [id=11680, stack(0x00000087aa900000,0x00000087aaa00000) (1024K)]
  0x0000022e5e6a1010 WorkerThread "GC Thread#5"                     [id=12572, stack(0x00000087aaa00000,0x00000087aab00000) (1024K)]
  0x0000022e5e41dcf0 WorkerThread "GC Thread#6"                     [id=20572, stack(0x00000087aab00000,0x00000087aac00000) (1024K)]
  0x0000022e5e768970 WorkerThread "GC Thread#7"                     [id=8332, stack(0x00000087aa400000,0x00000087aa500000) (1024K)]
  0x0000022e5e840290 WorkerThread "GC Thread#8"                     [id=23380, stack(0x00000087ab100000,0x00000087ab200000) (1024K)]
  0x0000022e5e83fb50 WorkerThread "GC Thread#9"                     [id=7356, stack(0x00000087ab200000,0x00000087ab300000) (1024K)]
  0x0000022e5e840630 WorkerThread "GC Thread#10"                    [id=20820, stack(0x00000087ab700000,0x00000087ab800000) (1024K)]
  0x0000022e5e8409d0 WorkerThread "GC Thread#11"                    [id=16968, stack(0x00000087ab800000,0x00000087ab900000) (1024K)]
  0x0000022e5e840d70 WorkerThread "GC Thread#12"                    [id=6852, stack(0x00000087ab900000,0x00000087aba00000) (1024K)]
Total: 15

Threads with active compile tasks:
C2 CompilerThread0  25916 7942   !   4       org.eclipse.jdt.internal.core.search.indexing.BinaryIndexer::indexDocument (1204 bytes)
Total: 1

VM state: not at safepoint (normal execution)

VM Mutex/Monitor currently owned by a thread: None

Heap address: 0x00000000c0000000, size: 1024 MB, Compressed Oops mode: 32-bit

CDS archive(s) mapped at: [0x0000022e00000000-0x0000022e00ba0000-0x0000022e00ba0000), size 12189696, SharedBaseAddress: 0x0000022e00000000, ArchiveRelocationMode: 1.
Compressed class space mapped at: 0x0000022e01000000-0x0000022e41000000, reserved size: 1073741824
Narrow klass base: 0x0000022e00000000, Narrow klass shift: 0, Narrow klass range: 0x100000000

GC Precious Log:
 CardTable entry size: 512
 CPUs: 16 total, 16 available
 Memory: 7542M
 Large Page Support: Disabled
 NUMA Support: Disabled
 Compressed Oops: Enabled (32-bit)
 Alignments: Space 512K, Generation 512K, Heap 2M
 Heap Min Capacity: 100M
 Heap Initial Capacity: 100M
 Heap Max Capacity: 1G
 Pre-touch: Disabled
 Parallel Workers: 13

Heap:
 PSYoungGen      total 11776K, used 10821K [0x00000000eab00000, 0x00000000eba00000, 0x0000000100000000)
  eden space 8704K, 89% used [0x00000000eab00000,0x00000000eb2937c8,0x00000000eb380000)
  from space 3072K, 99% used [0x00000000eb700000,0x00000000eb9fdd28,0x00000000eba00000)
  to   space 2560K, 0% used [0x00000000eb380000,0x00000000eb380000,0x00000000eb600000)
 ParOldGen       total 172032K, used 159359K [0x00000000c0000000, 0x00000000ca800000, 0x00000000eab00000)
  object space 172032K, 92% used [0x00000000c0000000,0x00000000c9b9fe20,0x00000000ca800000)
 Metaspace       used 48552K, committed 49792K, reserved 1114112K
  class space    used 5092K, committed 5696K, reserved 1048576K

Card table byte_map: [0x0000022e46ae0000,0x0000022e46cf0000] _byte_map_base: 0x0000022e464e0000

Marking Bits: (ParMarkBitMap*) 0x00007fffaf7f3260
 Begin Bits: [0x0000022e59330000, 0x0000022e5a330000)
 End Bits:   [0x0000022e5a330000, 0x0000022e5b330000)

Polling page: 0x0000022e44ff0000

Metaspace:

Usage:
  Non-class:     42.44 MB used.
      Class:      4.97 MB used.
       Both:     47.41 MB used.

Virtual space:
  Non-class space:       64.00 MB reserved,      43.06 MB ( 67%) committed,  1 nodes.
      Class space:        1.00 GB reserved,       5.56 MB ( <1%) committed,  1 nodes.
             Both:        1.06 GB reserved,      48.62 MB (  4%) committed. 

Chunk freelists:
   Non-Class:  4.02 MB
       Class:  10.29 MB
        Both:  14.31 MB

MaxMetaspaceSize: unlimited
CompressedClassSpaceSize: 1.00 GB
Initial GC threshold: 21.00 MB
Current GC threshold: 81.06 MB
CDS: on
 - commit_granule_bytes: 65536.
 - commit_granule_words: 8192.
 - virtual_space_node_default_size: 8388608.
 - enlarge_chunks_in_place: 1.
 - use_allocation_guard: 0.


Internal statistics:

num_allocs_failed_limit: 6.
num_arena_births: 984.
num_arena_deaths: 14.
num_vsnodes_births: 2.
num_vsnodes_deaths: 0.
num_space_committed: 778.
num_space_uncommitted: 0.
num_chunks_returned_to_freelist: 20.
num_chunks_taken_from_freelist: 3209.
num_chunk_merges: 9.
num_chunk_splits: 1988.
num_chunks_enlarged: 1107.
num_inconsistent_stats: 0.

CodeHeap 'non-profiled nmethods': size=119168Kb used=2436Kb max_used=2541Kb free=116731Kb
 bounds [0x0000022e51ed0000, 0x0000022e52150000, 0x0000022e59330000]
CodeHeap 'profiled nmethods': size=119104Kb used=15006Kb max_used=15660Kb free=104097Kb
 bounds [0x0000022e4a330000, 0x0000022e4b280000, 0x0000022e51780000]
CodeHeap 'non-nmethods': size=7488Kb used=2511Kb max_used=2571Kb free=4976Kb
 bounds [0x0000022e51780000, 0x0000022e51a70000, 0x0000022e51ed0000]
 total_blobs=7819 nmethods=7128 adapters=595
 compilation: enabled
              stopped_count=0, restarted_count=0
 full_count=0

Compilation events (20 events):
Event: 24.818 Thread 0x0000022e5cc0e4f0 nmethod 7914 0x0000022e5214a490 code [0x0000022e5214a660, 0x0000022e5214a9d8]
Event: 24.818 Thread 0x0000022e5cc0e4f0 7917       4       org.eclipse.jdt.internal.compiler.parser.Scanner::scanIdentifierOrKeywordWithBoundCheck (198 bytes)
Event: 24.823 Thread 0x0000022e5cc0e4f0 nmethod 7917 0x0000022e5214ad90 code [0x0000022e5214af60, 0x0000022e5214b238]
Event: 24.823 Thread 0x0000022e5cc16b20 7969       3       org.eclipse.jdt.core.Signature::createCharArrayTypeSignature (102 bytes)
Event: 24.823 Thread 0x0000022e5cc0e4f0 7902       4       org.eclipse.jdt.internal.compiler.classfmt.MethodInfo::decodeLocalVariableAttribute (158 bytes)
Event: 24.824 Thread 0x0000022e5cc16b20 nmethod 7969 0x0000022e4b279d90 code [0x0000022e4b27a020, 0x0000022e4b27abb0]
Event: 25.759 Thread 0x0000022e5e7b1f00 7971       2       java.util.TaskQueue::isEmpty (13 bytes)
Event: 25.759 Thread 0x0000022e5e7b1f00 nmethod 7971 0x0000022e4a462d10 code [0x0000022e4a462ea0, 0x0000022e4a462fb8]
Event: 25.769 Thread 0x0000022e5cc0e4f0 nmethod 7902 0x0000022e52099d90 code [0x0000022e5209a020, 0x0000022e5209bac8]
Event: 25.770 Thread 0x0000022e5cc0e4f0 7665       4       org.eclipse.jdt.internal.core.search.indexing.BinaryIndexer::replace (47 bytes)
Event: 25.771 Thread 0x0000022e5cc0e4f0 nmethod 7665 0x0000022e51f02a10 code [0x0000022e51f02ba0, 0x0000022e51f02cf0]
Event: 25.771 Thread 0x0000022e5cc0e4f0 7953       4       org.eclipse.jdt.internal.core.search.indexing.BinaryIndexer::decodeFieldType (379 bytes)
Event: 25.778 Thread 0x0000022e5e7b1f00 7972       2       org.eclipse.core.internal.localstore.FileSystemResourceManager::getStoreRoot (229 bytes)
Event: 25.780 Thread 0x0000022e5e7b1f00 nmethod 7972 0x0000022e4a619310 code [0x0000022e4a619640, 0x0000022e4a61a070]
Event: 25.781 Thread 0x0000022e5cc0e4f0 nmethod 7953 0x0000022e5203f510 code [0x0000022e5203f780, 0x0000022e520400c8]
Event: 25.781 Thread 0x0000022e5cc0e4f0 7943       4       org.eclipse.jdt.internal.compiler.util.SimpleLookupTable::put (104 bytes)
Event: 25.788 Thread 0x0000022e5e7b03c0 7974       3       org.eclipse.jdt.internal.core.search.indexing.AbstractIndexer::addInterfaceDeclaration (86 bytes)
Event: 25.788 Thread 0x0000022e5cc0e4f0 nmethod 7943 0x0000022e5201c890 code [0x0000022e5201caa0, 0x0000022e5201d1f0]
Event: 25.788 Thread 0x0000022e5cc0e4f0 7942   !   4       org.eclipse.jdt.internal.core.search.indexing.BinaryIndexer::indexDocument (1204 bytes)
Event: 25.790 Thread 0x0000022e5e7b03c0 nmethod 7974 0x0000022e4a707310 code [0x0000022e4a707600, 0x0000022e4a708840]

GC Heap History (20 events):
Event: 24.667 GC heap before
{Heap before GC invocations=78 (full 2):
 PSYoungGen      total 11264K, used 10919K [0x00000000eab00000, 0x00000000eb880000, 0x0000000100000000)
  eden space 8704K, 100% used [0x00000000eab00000,0x00000000eb380000,0x00000000eb380000)
  from space 2560K, 86% used [0x00000000eb380000,0x00000000eb5a9c98,0x00000000eb600000)
  to   space 2560K, 0% used [0x00000000eb600000,0x00000000eb600000,0x00000000eb880000)
 ParOldGen       total 161280K, used 161179K [0x00000000c0000000, 0x00000000c9d80000, 0x00000000eab00000)
  object space 161280K, 99% used [0x00000000c0000000,0x00000000c9d66ee0,0x00000000c9d80000)
 Metaspace       used 48547K, committed 49792K, reserved 1114112K
  class space    used 5092K, committed 5696K, reserved 1048576K
}
Event: 24.669 GC heap after
{Heap after GC invocations=78 (full 2):
 PSYoungGen      total 11264K, used 2342K [0x00000000eab00000, 0x00000000eb880000, 0x0000000100000000)
  eden space 8704K, 0% used [0x00000000eab00000,0x00000000eab00000,0x00000000eb380000)
  from space 2560K, 91% used [0x00000000eb600000,0x00000000eb849b88,0x00000000eb880000)
  to   space 2560K, 0% used [0x00000000eb380000,0x00000000eb380000,0x00000000eb600000)
 ParOldGen       total 163328K, used 163253K [0x00000000c0000000, 0x00000000c9f80000, 0x00000000eab00000)
  object space 163328K, 99% used [0x00000000c0000000,0x00000000c9f6d6b8,0x00000000c9f80000)
 Metaspace       used 48547K, committed 49792K, reserved 1114112K
  class space    used 5092K, committed 5696K, reserved 1048576K
}
Event: 24.712 GC heap before
{Heap before GC invocations=79 (full 2):
 PSYoungGen      total 11264K, used 11046K [0x00000000eab00000, 0x00000000eb880000, 0x0000000100000000)
  eden space 8704K, 100% used [0x00000000eab00000,0x00000000eb380000,0x00000000eb380000)
  from space 2560K, 91% used [0x00000000eb600000,0x00000000eb849b88,0x00000000eb880000)
  to   space 2560K, 0% used [0x00000000eb380000,0x00000000eb380000,0x00000000eb600000)
 ParOldGen       total 163328K, used 163253K [0x00000000c0000000, 0x00000000c9f80000, 0x00000000eab00000)
  object space 163328K, 99% used [0x00000000c0000000,0x00000000c9f6d6b8,0x00000000c9f80000)
 Metaspace       used 48547K, committed 49792K, reserved 1114112K
  class space    used 5092K, committed 5696K, reserved 1048576K
}
Event: 24.714 GC heap after
{Heap after GC invocations=79 (full 2):
 PSYoungGen      total 11264K, used 2405K [0x00000000eab00000, 0x00000000eb880000, 0x0000000100000000)
  eden space 8704K, 0% used [0x00000000eab00000,0x00000000eab00000,0x00000000eb380000)
  from space 2560K, 93% used [0x00000000eb380000,0x00000000eb5d9408,0x00000000eb600000)
  to   space 2560K, 0% used [0x00000000eb600000,0x00000000eb600000,0x00000000eb880000)
 ParOldGen       total 165376K, used 165306K [0x00000000c0000000, 0x00000000ca180000, 0x00000000eab00000)
  object space 165376K, 99% used [0x00000000c0000000,0x00000000ca16eaf0,0x00000000ca180000)
 Metaspace       used 48547K, committed 49792K, reserved 1114112K
  class space    used 5092K, committed 5696K, reserved 1048576K
}
Event: 24.754 GC heap before
{Heap before GC invocations=80 (full 2):
 PSYoungGen      total 11264K, used 11109K [0x00000000eab00000, 0x00000000eb880000, 0x0000000100000000)
  eden space 8704K, 100% used [0x00000000eab00000,0x00000000eb380000,0x00000000eb380000)
  from space 2560K, 93% used [0x00000000eb380000,0x00000000eb5d9408,0x00000000eb600000)
  to   space 2560K, 0% used [0x00000000eb600000,0x00000000eb600000,0x00000000eb880000)
 ParOldGen       total 165376K, used 165306K [0x00000000c0000000, 0x00000000ca180000, 0x00000000eab00000)
  object space 165376K, 99% used [0x00000000c0000000,0x00000000ca16eaf0,0x00000000ca180000)
 Metaspace       used 48547K, committed 49792K, reserved 1114112K
  class space    used 5092K, committed 5696K, reserved 1048576K
}
Event: 24.756 GC heap after
{Heap after GC invocations=80 (full 2):
 PSYoungGen      total 11264K, used 2398K [0x00000000eab00000, 0x00000000eb880000, 0x0000000100000000)
  eden space 8704K, 0% used [0x00000000eab00000,0x00000000eab00000,0x00000000eb380000)
  from space 2560K, 93% used [0x00000000eb600000,0x00000000eb8579f8,0x00000000eb880000)
  to   space 2560K, 0% used [0x00000000eb380000,0x00000000eb380000,0x00000000eb600000)
 ParOldGen       total 167936K, used 167446K [0x00000000c0000000, 0x00000000ca400000, 0x00000000eab00000)
  object space 167936K, 99% used [0x00000000c0000000,0x00000000ca385b30,0x00000000ca400000)
 Metaspace       used 48547K, committed 49792K, reserved 1114112K
  class space    used 5092K, committed 5696K, reserved 1048576K
}
Event: 24.795 GC heap before
{Heap before GC invocations=81 (full 2):
 PSYoungGen      total 11264K, used 11102K [0x00000000eab00000, 0x00000000eb880000, 0x0000000100000000)
  eden space 8704K, 100% used [0x00000000eab00000,0x00000000eb380000,0x00000000eb380000)
  from space 2560K, 93% used [0x00000000eb600000,0x00000000eb8579f8,0x00000000eb880000)
  to   space 2560K, 0% used [0x00000000eb380000,0x00000000eb380000,0x00000000eb600000)
 ParOldGen       total 167936K, used 167446K [0x00000000c0000000, 0x00000000ca400000, 0x00000000eab00000)
  object space 167936K, 99% used [0x00000000c0000000,0x00000000ca385b30,0x00000000ca400000)
 Metaspace       used 48547K, committed 49792K, reserved 1114112K
  class space    used 5092K, committed 5696K, reserved 1048576K
}
Event: 24.797 GC heap after
{Heap after GC invocations=81 (full 2):
 PSYoungGen      total 11264K, used 2404K [0x00000000eab00000, 0x00000000eb880000, 0x0000000100000000)
  eden space 8704K, 0% used [0x00000000eab00000,0x00000000eab00000,0x00000000eb380000)
  from space 2560K, 93% used [0x00000000eb380000,0x00000000eb5d92e8,0x00000000eb600000)
  to   space 2560K, 0% used [0x00000000eb600000,0x00000000eb600000,0x00000000eb880000)
 ParOldGen       total 169984K, used 169611K [0x00000000c0000000, 0x00000000ca600000, 0x00000000eab00000)
  object space 169984K, 99% used [0x00000000c0000000,0x00000000ca5a2c30,0x00000000ca600000)
 Metaspace       used 48547K, committed 49792K, reserved 1114112K
  class space    used 5092K, committed 5696K, reserved 1048576K
}
Event: 24.836 GC heap before
{Heap before GC invocations=82 (full 2):
 PSYoungGen      total 11264K, used 11108K [0x00000000eab00000, 0x00000000eb880000, 0x0000000100000000)
  eden space 8704K, 100% used [0x00000000eab00000,0x00000000eb380000,0x00000000eb380000)
  from space 2560K, 93% used [0x00000000eb380000,0x00000000eb5d92e8,0x00000000eb600000)
  to   space 2560K, 0% used [0x00000000eb600000,0x00000000eb600000,0x00000000eb880000)
 ParOldGen       total 169984K, used 169611K [0x00000000c0000000, 0x00000000ca600000, 0x00000000eab00000)
  object space 169984K, 99% used [0x00000000c0000000,0x00000000ca5a2c30,0x00000000ca600000)
 Metaspace       used 48547K, committed 49792K, reserved 1114112K
  class space    used 5092K, committed 5696K, reserved 1048576K
}
Event: 24.839 GC heap after
{Heap after GC invocations=82 (full 2):
 PSYoungGen      total 11264K, used 11108K [0x00000000eab00000, 0x00000000eb880000, 0x0000000100000000)
  eden space 8704K, 100% used [0x00000000eab00000,0x00000000eb380000,0x00000000eb380000)
  from space 2560K, 93% used [0x00000000eb380000,0x00000000eb5d92e8,0x00000000eb600000)
  to   space 2560K, 94% used [0x00000000eb600000,0x00000000eb85da08,0x00000000eb880000)
 ParOldGen       total 172032K, used 171743K [0x00000000c0000000, 0x00000000ca800000, 0x00000000eab00000)
  object space 172032K, 99% used [0x00000000c0000000,0x00000000ca7b7ed0,0x00000000ca800000)
 Metaspace       used 48547K, committed 49792K, reserved 1114112K
  class space    used 5092K, committed 5696K, reserved 1048576K
}
Event: 24.839 GC heap before
{Heap before GC invocations=83 (full 3):
 PSYoungGen      total 11264K, used 11108K [0x00000000eab00000, 0x00000000eb880000, 0x0000000100000000)
  eden space 8704K, 100% used [0x00000000eab00000,0x00000000eb380000,0x00000000eb380000)
  from space 2560K, 93% used [0x00000000eb380000,0x00000000eb5d92e8,0x00000000eb600000)
  to   space 2560K, 94% used [0x00000000eb600000,0x00000000eb85da08,0x00000000eb880000)
 ParOldGen       total 172032K, used 171743K [0x00000000c0000000, 0x00000000ca800000, 0x00000000eab00000)
  object space 172032K, 99% used [0x00000000c0000000,0x00000000ca7b7ed0,0x00000000ca800000)
 Metaspace       used 48547K, committed 49792K, reserved 1114112K
  class space    used 5092K, committed 5696K, reserved 1048576K
}
Event: 25.758 GC heap after
{Heap after GC invocations=83 (full 3):
 PSYoungGen      total 11264K, used 0K [0x00000000eab00000, 0x00000000eb900000, 0x0000000100000000)
  eden space 8704K, 0% used [0x00000000eab00000,0x00000000eab00000,0x00000000eb380000)
  from space 2560K, 0% used [0x00000000eb600000,0x00000000eb600000,0x00000000eb880000)
  to   space 2560K, 0% used [0x00000000eb380000,0x00000000eb380000,0x00000000eb600000)
 ParOldGen       total 172032K, used 154855K [0x00000000c0000000, 0x00000000ca800000, 0x00000000eab00000)
  object space 172032K, 90% used [0x00000000c0000000,0x00000000c9739ee0,0x00000000ca800000)
 Metaspace       used 48547K, committed 49792K, reserved 1114112K
  class space    used 5092K, committed 5696K, reserved 1048576K
}
Event: 25.786 GC heap before
{Heap before GC invocations=84 (full 3):
 PSYoungGen      total 11264K, used 8704K [0x00000000eab00000, 0x00000000eb900000, 0x0000000100000000)
  eden space 8704K, 100% used [0x00000000eab00000,0x00000000eb380000,0x00000000eb380000)
  from space 2560K, 0% used [0x00000000eb600000,0x00000000eb600000,0x00000000eb880000)
  to   space 2560K, 0% used [0x00000000eb380000,0x00000000eb380000,0x00000000eb600000)
 ParOldGen       total 172032K, used 154855K [0x00000000c0000000, 0x00000000ca800000, 0x00000000eab00000)
  object space 172032K, 90% used [0x00000000c0000000,0x00000000c9739ee0,0x00000000ca800000)
 Metaspace       used 48552K, committed 49792K, reserved 1114112K
  class space    used 5092K, committed 5696K, reserved 1048576K
}
Event: 25.787 GC heap after
{Heap after GC invocations=84 (full 3):
 PSYoungGen      total 11264K, used 2203K [0x00000000eab00000, 0x00000000eb900000, 0x0000000100000000)
  eden space 8704K, 0% used [0x00000000eab00000,0x00000000eab00000,0x00000000eb380000)
  from space 2560K, 86% used [0x00000000eb380000,0x00000000eb5a6d30,0x00000000eb600000)
  to   space 2560K, 0% used [0x00000000eb680000,0x00000000eb680000,0x00000000eb900000)
 ParOldGen       total 172032K, used 154855K [0x00000000c0000000, 0x00000000ca800000, 0x00000000eab00000)
  object space 172032K, 90% used [0x00000000c0000000,0x00000000c9739ee0,0x00000000ca800000)
 Metaspace       used 48552K, committed 49792K, reserved 1114112K
  class space    used 5092K, committed 5696K, reserved 1048576K
}
Event: 25.810 GC heap before
{Heap before GC invocations=85 (full 3):
 PSYoungGen      total 11264K, used 10907K [0x00000000eab00000, 0x00000000eb900000, 0x0000000100000000)
  eden space 8704K, 100% used [0x00000000eab00000,0x00000000eb380000,0x00000000eb380000)
  from space 2560K, 86% used [0x00000000eb380000,0x00000000eb5a6d30,0x00000000eb600000)
  to   space 2560K, 0% used [0x00000000eb680000,0x00000000eb680000,0x00000000eb900000)
 ParOldGen       total 172032K, used 154855K [0x00000000c0000000, 0x00000000ca800000, 0x00000000eab00000)
  object space 172032K, 90% used [0x00000000c0000000,0x00000000c9739ee0,0x00000000ca800000)
 Metaspace       used 48552K, committed 49792K, reserved 1114112K
  class space    used 5092K, committed 5696K, reserved 1048576K
}
Event: 25.812 GC heap after
{Heap after GC invocations=85 (full 3):
 PSYoungGen      total 11264K, used 2548K [0x00000000eab00000, 0x00000000eb900000, 0x0000000100000000)
  eden space 8704K, 0% used [0x00000000eab00000,0x00000000eab00000,0x00000000eb380000)
  from space 2560K, 99% used [0x00000000eb680000,0x00000000eb8fd378,0x00000000eb900000)
  to   space 2560K, 0% used [0x00000000eb380000,0x00000000eb380000,0x00000000eb600000)
 ParOldGen       total 172032K, used 156497K [0x00000000c0000000, 0x00000000ca800000, 0x00000000eab00000)
  object space 172032K, 90% used [0x00000000c0000000,0x00000000c98d4578,0x00000000ca800000)
 Metaspace       used 48552K, committed 49792K, reserved 1114112K
  class space    used 5092K, committed 5696K, reserved 1048576K
}
Event: 25.842 GC heap before
{Heap before GC invocations=86 (full 3):
 PSYoungGen      total 11264K, used 11252K [0x00000000eab00000, 0x00000000eb900000, 0x0000000100000000)
  eden space 8704K, 100% used [0x00000000eab00000,0x00000000eb380000,0x00000000eb380000)
  from space 2560K, 99% used [0x00000000eb680000,0x00000000eb8fd378,0x00000000eb900000)
  to   space 2560K, 0% used [0x00000000eb380000,0x00000000eb380000,0x00000000eb600000)
 ParOldGen       total 172032K, used 156497K [0x00000000c0000000, 0x00000000ca800000, 0x00000000eab00000)
  object space 172032K, 90% used [0x00000000c0000000,0x00000000c98d4578,0x00000000ca800000)
 Metaspace       used 48552K, committed 49792K, reserved 1114112K
  class space    used 5092K, committed 5696K, reserved 1048576K
}
Event: 25.844 GC heap after
{Heap after GC invocations=86 (full 3):
 PSYoungGen      total 11264K, used 2319K [0x00000000eab00000, 0x00000000eba00000, 0x0000000100000000)
  eden space 8704K, 0% used [0x00000000eab00000,0x00000000eab00000,0x00000000eb380000)
  from space 2560K, 90% used [0x00000000eb380000,0x00000000eb5c3da0,0x00000000eb600000)
  to   space 3072K, 0% used [0x00000000eb700000,0x00000000eb700000,0x00000000eba00000)
 ParOldGen       total 172032K, used 159019K [0x00000000c0000000, 0x00000000ca800000, 0x00000000eab00000)
  object space 172032K, 92% used [0x00000000c0000000,0x00000000c9b4aef0,0x00000000ca800000)
 Metaspace       used 48552K, committed 49792K, reserved 1114112K
  class space    used 5092K, committed 5696K, reserved 1048576K
}
Event: 25.860 GC heap before
{Heap before GC invocations=87 (full 3):
 PSYoungGen      total 11264K, used 7686K [0x00000000eab00000, 0x00000000eba00000, 0x0000000100000000)
  eden space 8704K, 61% used [0x00000000eab00000,0x00000000eb03db28,0x00000000eb380000)
  from space 2560K, 90% used [0x00000000eb380000,0x00000000eb5c3da0,0x00000000eb600000)
  to   space 3072K, 0% used [0x00000000eb700000,0x00000000eb700000,0x00000000eba00000)
 ParOldGen       total 172032K, used 159019K [0x00000000c0000000, 0x00000000ca800000, 0x00000000eab00000)
  object space 172032K, 92% used [0x00000000c0000000,0x00000000c9b4aef0,0x00000000ca800000)
 Metaspace       used 48552K, committed 49792K, reserved 1114112K
  class space    used 5092K, committed 5696K, reserved 1048576K
}
Event: 25.862 GC heap after
{Heap after GC invocations=87 (full 3):
 PSYoungGen      total 11776K, used 3063K [0x00000000eab00000, 0x00000000eba00000, 0x0000000100000000)
  eden space 8704K, 0% used [0x00000000eab00000,0x00000000eab00000,0x00000000eb380000)
  from space 3072K, 99% used [0x00000000eb700000,0x00000000eb9fdd28,0x00000000eba00000)
  to   space 2560K, 0% used [0x00000000eb380000,0x00000000eb380000,0x00000000eb600000)
 ParOldGen       total 172032K, used 159359K [0x00000000c0000000, 0x00000000ca800000, 0x00000000eab00000)
  object space 172032K, 92% used [0x00000000c0000000,0x00000000c9b9fe20,0x00000000ca800000)
 Metaspace       used 48552K, committed 49792K, reserved 1114112K
  class space    used 5092K, committed 5696K, reserved 1048576K
}

Dll operation events (10 events):
Event: 0.018 Loaded shared library c:\Users\electro fatal\.vscode\extensions\redhat.java-1.41.1-win32-x64\jre\21.0.6-win32-x86_64\bin\java.dll
Event: 0.193 Loaded shared library c:\Users\electro fatal\.vscode\extensions\redhat.java-1.41.1-win32-x64\jre\21.0.6-win32-x86_64\bin\zip.dll
Event: 0.239 Loaded shared library C:\Users\electro fatal\.vscode\extensions\redhat.java-1.41.1-win32-x64\jre\21.0.6-win32-x86_64\bin\instrument.dll
Event: 0.250 Loaded shared library C:\Users\electro fatal\.vscode\extensions\redhat.java-1.41.1-win32-x64\jre\21.0.6-win32-x86_64\bin\net.dll
Event: 0.254 Loaded shared library C:\Users\electro fatal\.vscode\extensions\redhat.java-1.41.1-win32-x64\jre\21.0.6-win32-x86_64\bin\nio.dll
Event: 0.261 Loaded shared library C:\Users\electro fatal\.vscode\extensions\redhat.java-1.41.1-win32-x64\jre\21.0.6-win32-x86_64\bin\zip.dll
Event: 0.296 Loaded shared library C:\Users\electro fatal\.vscode\extensions\redhat.java-1.41.1-win32-x64\jre\21.0.6-win32-x86_64\bin\jimage.dll
Event: 0.481 Loaded shared library c:\Users\electro fatal\.vscode\extensions\redhat.java-1.41.1-win32-x64\jre\21.0.6-win32-x86_64\bin\verify.dll
Event: 10.196 Loaded shared library C:\Users\electro fatal\AppData\Roaming\Code\User\globalStorage\redhat.java\1.41.1\config_win\org.eclipse.equinox.launcher\org.eclipse.equinox.launcher.win32.win32.x86_64_1.2.1300.v20250331-1702\eclipse_11911.dll
Event: 19.275 Loaded shared library C:\Users\electro fatal\AppData\Local\Temp\jna-751229936\jna6482410038354519712.dll

Deoptimization events (20 events):
Event: 24.564 Thread 0x0000022e5e537170 DEOPT PACKING pc=0x0000022e4a5a9b7b sp=0x00000087abefe170
Event: 24.564 Thread 0x0000022e5e537170 DEOPT UNPACKING pc=0x0000022e517d4242 sp=0x00000087abefd6a8 mode 0
Event: 24.578 Thread 0x0000022e5e537170 DEOPT PACKING pc=0x0000022e4a5a9b7b sp=0x00000087abefe170
Event: 24.578 Thread 0x0000022e5e537170 DEOPT UNPACKING pc=0x0000022e517d4242 sp=0x00000087abefd6a8 mode 0
Event: 24.596 Thread 0x0000022e5e537170 DEOPT PACKING pc=0x0000022e4a5a9b7b sp=0x00000087abefe170
Event: 24.596 Thread 0x0000022e5e537170 DEOPT UNPACKING pc=0x0000022e517d4242 sp=0x00000087abefd6a8 mode 0
Event: 24.603 Thread 0x0000022e5e537170 DEOPT PACKING pc=0x0000022e4a5a9b7b sp=0x00000087abefe170
Event: 24.603 Thread 0x0000022e5e537170 DEOPT UNPACKING pc=0x0000022e517d4242 sp=0x00000087abefd6a8 mode 0
Event: 24.616 Thread 0x0000022e5e537170 DEOPT PACKING pc=0x0000022e4a5a9b7b sp=0x00000087abefe170
Event: 24.616 Thread 0x0000022e5e537170 DEOPT UNPACKING pc=0x0000022e517d4242 sp=0x00000087abefd6a8 mode 0
Event: 24.678 Thread 0x0000022e5e537170 Uncommon trap: trap_request=0xffffff6e fr.pc=0x0000022e5213d76c relative=0x000000000000032c
Event: 24.678 Thread 0x0000022e5e537170 Uncommon trap: reason=loop_limit_check action=maybe_recompile pc=0x0000022e5213d76c method=org.eclipse.jdt.core.compiler.CharOperation.concatWith([[CC)[C @ 121 c2
Event: 24.678 Thread 0x0000022e5e537170 DEOPT PACKING pc=0x0000022e5213d76c sp=0x00000087abefe330
Event: 24.678 Thread 0x0000022e5e537170 DEOPT UNPACKING pc=0x0000022e517d3aa2 sp=0x00000087abefe2e0 mode 2
Event: 24.798 Thread 0x0000022e5e537170 Uncommon trap: trap_request=0xffffff6e fr.pc=0x0000022e52147df0 relative=0x0000000000000730
Event: 24.798 Thread 0x0000022e5e537170 Uncommon trap: reason=loop_limit_check action=maybe_recompile pc=0x0000022e52147df0 method=org.eclipse.jdt.internal.compiler.util.HashtableOfObject.rehash()V @ 56 c2
Event: 24.798 Thread 0x0000022e5e537170 DEOPT PACKING pc=0x0000022e52147df0 sp=0x00000087abefe2e0
Event: 24.798 Thread 0x0000022e5e537170 DEOPT UNPACKING pc=0x0000022e517d3aa2 sp=0x00000087abefe288 mode 2
Event: 25.788 Thread 0x0000022e5e537170 DEOPT PACKING pc=0x0000022e4b1d6ea7 sp=0x00000087abefe500
Event: 25.788 Thread 0x0000022e5e537170 DEOPT UNPACKING pc=0x0000022e517d4242 sp=0x00000087abefd930 mode 0

Classes loaded (20 events):
Event: 22.193 Loading class java/lang/ExceptionInInitializerError
Event: 22.193 Loading class java/lang/ExceptionInInitializerError done
Event: 22.537 Loading class java/lang/ProcessEnvironment$CheckedKeySet
Event: 22.537 Loading class java/lang/ProcessEnvironment$CheckedKeySet done
Event: 22.745 Loading class java/util/regex/Pattern$Pos
Event: 22.745 Loading class java/util/regex/Pattern$Pos done
Event: 22.771 Loading class sun/security/provider/MD5
Event: 22.771 Loading class sun/security/provider/MD5 done
Event: 22.772 Loading class sun/security/provider/ByteArrayAccess$LE
Event: 22.772 Loading class sun/security/provider/ByteArrayAccess$LE done
Event: 22.777 Loading class java/util/stream/MatchOps$MatchKind
Event: 22.777 Loading class java/util/stream/MatchOps$MatchKind done
Event: 22.777 Loading class java/util/stream/MatchOps
Event: 22.777 Loading class java/util/stream/MatchOps done
Event: 22.777 Loading class java/util/stream/MatchOps$MatchOp
Event: 22.777 Loading class java/util/stream/MatchOps$MatchOp done
Event: 22.778 Loading class java/util/stream/MatchOps$BooleanTerminalSink
Event: 22.778 Loading class java/util/stream/MatchOps$BooleanTerminalSink done
Event: 22.778 Loading class java/util/stream/MatchOps$1MatchSink
Event: 22.778 Loading class java/util/stream/MatchOps$1MatchSink done

Classes unloaded (7 events):
Event: 19.798 Thread 0x0000022e5b514840 Unloading class 0x0000022e0119fc00 'java/lang/invoke/LambdaForm$MH+0x0000022e0119fc00'
Event: 19.798 Thread 0x0000022e5b514840 Unloading class 0x0000022e0119f800 'java/lang/invoke/LambdaForm$MH+0x0000022e0119f800'
Event: 19.798 Thread 0x0000022e5b514840 Unloading class 0x0000022e0119f400 'java/lang/invoke/LambdaForm$MH+0x0000022e0119f400'
Event: 19.798 Thread 0x0000022e5b514840 Unloading class 0x0000022e0119f000 'java/lang/invoke/LambdaForm$MH+0x0000022e0119f000'
Event: 19.798 Thread 0x0000022e5b514840 Unloading class 0x0000022e0119ec00 'java/lang/invoke/LambdaForm$BMH+0x0000022e0119ec00'
Event: 19.798 Thread 0x0000022e5b514840 Unloading class 0x0000022e0119e800 'java/lang/invoke/LambdaForm$DMH+0x0000022e0119e800'
Event: 19.798 Thread 0x0000022e5b514840 Unloading class 0x0000022e0119d400 'java/lang/invoke/LambdaForm$DMH+0x0000022e0119d400'

Classes redefined (0 events):
No events

Internal exceptions (20 events):
Event: 21.474 Thread 0x0000022e5e537170 Exception <a 'java/lang/NoSuchMethodError'{0x00000000eac803f8}: 'java.lang.Object java.lang.invoke.Invokers$Holder.linkToTargetMethod(java.lang.Object, java.lang.Object, int, java.lang.Object)'> (0x00000000eac803f8) 
thrown [s\src\hotspot\share\interpreter\linkResolver.cpp, line 773]
Event: 21.476 Thread 0x0000022e5e537170 Exception <a 'java/lang/NoSuchMethodError'{0x00000000eacb1e70}: 'void java.lang.invoke.DirectMethodHandle$Holder.invokeStaticInit(java.lang.Object, java.lang.Object, java.lang.Object)'> (0x00000000eacb1e70) 
thrown [s\src\hotspot\share\interpreter\linkResolver.cpp, line 773]
Event: 21.863 Thread 0x0000022e5e537170 Implicit null exception at 0x0000022e5202f75a to 0x0000022e5202f858
Event: 22.020 Thread 0x0000022e5e535730 Exception <a 'java/io/FileNotFoundException'{0x00000000eafb6d38}> (0x00000000eafb6d38) 
thrown [s\src\hotspot\share\prims\jni.cpp, line 520]
Event: 22.020 Thread 0x0000022e5e535730 Exception <a 'java/io/FileNotFoundException'{0x00000000eafb7d78}> (0x00000000eafb7d78) 
thrown [s\src\hotspot\share\prims\jni.cpp, line 520]
Event: 22.021 Thread 0x0000022e5e535730 Exception <a 'java/io/FileNotFoundException'{0x00000000eafb8b10}> (0x00000000eafb8b10) 
thrown [s\src\hotspot\share\prims\jni.cpp, line 520]
Event: 22.073 Thread 0x0000022e64c3d100 Exception <a 'java/io/FileNotFoundException'{0x00000000eac40668}> (0x00000000eac40668) 
thrown [s\src\hotspot\share\prims\jni.cpp, line 520]
Event: 22.100 Thread 0x0000022e64c3d100 Exception <a 'java/lang/NoSuchMethodError'{0x00000000eb35fca0}: 'java.lang.Object java.lang.invoke.DirectMethodHandle$Holder.invokeStatic(java.lang.Object, int, java.lang.Object, java.lang.Object)'> (0x00000000eb35fca0) 
thrown [s\src\hotspot\share\interpreter\linkResolver.cpp, line 773]
Event: 22.100 Thread 0x0000022e64c3d100 Exception <a 'java/lang/NoSuchMethodError'{0x00000000eb389c90}: 'java.lang.Object java.lang.invoke.DelegatingMethodHandle$Holder.delegate(java.lang.Object, int, java.lang.Object, java.lang.Object)'> (0x00000000eb389c90) 
thrown [s\src\hotspot\share\interpreter\linkResolver.cpp, line 773]
Event: 22.102 Thread 0x0000022e64c3d100 Exception <a 'java/lang/NoSuchMethodError'{0x00000000eb3e5600}: 'int java.lang.invoke.Invokers$Holder.linkToTargetMethod(java.lang.Object, java.lang.Object, java.lang.Object)'> (0x00000000eb3e5600) 
thrown [s\src\hotspot\share\interpreter\linkResolver.cpp, line 773]
Event: 22.140 Thread 0x0000022e5e535730 Exception <a 'java/lang/NoSuchMethodError'{0x00000000ebe1baf8}: 'int java.lang.invoke.DirectMethodHandle$Holder.invokeSpecialIFC(java.lang.Object, java.lang.Object, java.lang.Object, java.lang.Object)'> (0x00000000ebe1baf8) 
thrown [s\src\hotspot\share\interpreter\linkResolver.cpp, line 773]
Event: 22.144 Thread 0x0000022e5e535730 Implicit null exception at 0x0000022e52064c02 to 0x0000022e52064cfc
Event: 22.150 Thread 0x0000022e5e535730 Exception <a 'sun/nio/fs/WindowsException'{0x00000000eac460e8}> (0x00000000eac460e8) 
thrown [s\src\hotspot\share\prims\jni.cpp, line 520]
Event: 22.151 Thread 0x0000022e5e535730 Exception <a 'sun/nio/fs/WindowsException'{0x00000000eac46718}> (0x00000000eac46718) 
thrown [s\src\hotspot\share\prims\jni.cpp, line 520]
Event: 22.194 Thread 0x0000022e5e534380 Exception <a 'java/lang/ExceptionInInitializerError'{0x00000000eb65c628}> (0x00000000eb65c628) 
thrown [s\src\hotspot\share\oops\instanceKlass.cpp, line 1220]
Event: 22.222 Thread 0x0000022e5e534380 Implicit null exception at 0x0000022e5201897e to 0x0000022e52018be0
Event: 22.222 Thread 0x0000022e5e534380 Implicit null exception at 0x0000022e51f65a9c to 0x0000022e51f6696c
Event: 22.224 Thread 0x0000022e5e534380 Exception <a 'java/lang/NoSuchMethodError'{0x00000000ebd6de58}: 'java.lang.Object java.lang.invoke.Invokers$Holder.invokeExact_MT(java.lang.Object, int, java.lang.Object)'> (0x00000000ebd6de58) 
thrown [s\src\hotspot\share\interpreter\linkResolver.cpp, line 773]
Event: 22.522 Thread 0x0000022e5e534380 Exception <a 'java/lang/NoClassDefFoundError'{0x00000000eb6e2988}: com/google/inject/servlet/ServletModuleTargetVisitor> (0x00000000eb6e2988) 
thrown [s\src\hotspot\share\classfile\systemDictionary.cpp, line 301]
Event: 22.676 Thread 0x0000022e64c3d100 Exception <a 'java/lang/IncompatibleClassChangeError'{0x00000000eb634ee8}: Found class java.lang.Object, but interface was expected> (0x00000000eb634ee8) 
thrown [s\src\hotspot\share\interpreter\linkResolver.cpp, line 840]

ZGC Phase Switch (0 events):
No events

VM Operations (20 events):
Event: 24.636 Executing VM operation: ParallelGCFailedAllocation (Allocation Failure)
Event: 24.638 Executing VM operation: ParallelGCFailedAllocation (Allocation Failure) done
Event: 24.667 Executing VM operation: ParallelGCFailedAllocation (Allocation Failure)
Event: 24.669 Executing VM operation: ParallelGCFailedAllocation (Allocation Failure) done
Event: 24.712 Executing VM operation: ParallelGCFailedAllocation (Allocation Failure)
Event: 24.714 Executing VM operation: ParallelGCFailedAllocation (Allocation Failure) done
Event: 24.754 Executing VM operation: ParallelGCFailedAllocation (Allocation Failure)
Event: 24.756 Executing VM operation: ParallelGCFailedAllocation (Allocation Failure) done
Event: 24.795 Executing VM operation: ParallelGCFailedAllocation (Allocation Failure)
Event: 24.797 Executing VM operation: ParallelGCFailedAllocation (Allocation Failure) done
Event: 24.836 Executing VM operation: ParallelGCFailedAllocation (Allocation Failure)
Event: 25.758 Executing VM operation: ParallelGCFailedAllocation (Allocation Failure) done
Event: 25.786 Executing VM operation: ParallelGCFailedAllocation (Allocation Failure)
Event: 25.787 Executing VM operation: ParallelGCFailedAllocation (Allocation Failure) done
Event: 25.810 Executing VM operation: ParallelGCFailedAllocation (Allocation Failure)
Event: 25.812 Executing VM operation: ParallelGCFailedAllocation (Allocation Failure) done
Event: 25.842 Executing VM operation: ParallelGCFailedAllocation (Allocation Failure)
Event: 25.844 Executing VM operation: ParallelGCFailedAllocation (Allocation Failure) done
Event: 25.860 Executing VM operation: ParallelGCFailedAllocation (Allocation Failure)
Event: 25.862 Executing VM operation: ParallelGCFailedAllocation (Allocation Failure) done

Memory protections (0 events):
No events

Nmethod flushes (20 events):
Event: 24.880 Thread 0x0000022e5b514840 flushing  nmethod 0x0000022e4ac4e190
Event: 24.880 Thread 0x0000022e5b514840 flushing  nmethod 0x0000022e4ac5f490
Event: 24.880 Thread 0x0000022e5b514840 flushing  nmethod 0x0000022e4ac85e90
Event: 24.880 Thread 0x0000022e5b514840 flushing  nmethod 0x0000022e4acdf190
Event: 24.880 Thread 0x0000022e5b514840 flushing  nmethod 0x0000022e4ace5090
Event: 24.880 Thread 0x0000022e5b514840 flushing  nmethod 0x0000022e4ace5a10
Event: 24.880 Thread 0x0000022e5b514840 flushing  nmethod 0x0000022e4ace6910
Event: 24.880 Thread 0x0000022e5b514840 flushing  nmethod 0x0000022e4acec890
Event: 24.880 Thread 0x0000022e5b514840 flushing  nmethod 0x0000022e4acf9e10
Event: 24.880 Thread 0x0000022e5b514840 flushing  nmethod 0x0000022e4acfee10
Event: 24.880 Thread 0x0000022e5b514840 flushing  nmethod 0x0000022e4acffc10
Event: 24.880 Thread 0x0000022e5b514840 flushing  nmethod 0x0000022e4ad00d90
Event: 24.880 Thread 0x0000022e5b514840 flushing  nmethod 0x0000022e4ad02590
Event: 24.880 Thread 0x0000022e5b514840 flushing  nmethod 0x0000022e4ad30190
Event: 24.880 Thread 0x0000022e5b514840 flushing  nmethod 0x0000022e4ad41810
Event: 24.880 Thread 0x0000022e5b514840 flushing  nmethod 0x0000022e4ad4b990
Event: 24.880 Thread 0x0000022e5b514840 flushing  nmethod 0x0000022e4ada9b10
Event: 24.880 Thread 0x0000022e5b514840 flushing  nmethod 0x0000022e4adbcd90
Event: 24.880 Thread 0x0000022e5b514840 flushing  nmethod 0x0000022e4ae28810
Event: 24.880 Thread 0x0000022e5b514840 flushing  nmethod 0x0000022e4ae2d410

Events (20 events):
Event: 20.653 Thread 0x0000022e4713dc60 Thread added: 0x0000022e64c3de20
Event: 20.653 Thread 0x0000022e4713dc60 Thread added: 0x0000022e64c3e4b0
Event: 20.653 Thread 0x0000022e4713dc60 Thread added: 0x0000022e64c41fc0
Event: 20.653 Thread 0x0000022e4713dc60 Thread added: 0x0000022e64c3eb40
Event: 20.654 Thread 0x0000022e4713dc60 Thread added: 0x0000022e64c3f1d0
Event: 20.654 Thread 0x0000022e4713dc60 Thread added: 0x0000022e64c3f860
Event: 20.654 Thread 0x0000022e4713dc60 Thread added: 0x0000022e64c3fef0
Event: 20.654 Thread 0x0000022e4713dc60 Thread added: 0x0000022e64c3b030
Event: 20.654 Thread 0x0000022e4713dc60 Thread added: 0x0000022e64c42650
Event: 20.654 Thread 0x0000022e4713dc60 Thread added: 0x0000022e64c40c10
Event: 20.654 Thread 0x0000022e4713dc60 Thread added: 0x0000022e64c40580
Event: 20.655 Thread 0x0000022e4713dc60 Thread added: 0x0000022e64c412a0
Event: 20.655 Thread 0x0000022e4713dc60 Thread added: 0x0000022e64c3b6c0
Event: 20.655 Thread 0x0000022e4713dc60 Thread added: 0x0000022e64c3bd50
Event: 20.681 Thread 0x0000022e4713dc60 Thread added: 0x0000022e64c3c3e0
Event: 20.884 Thread 0x0000022e4713dc60 Thread added: 0x0000022e64c3ca70
Event: 20.885 Thread 0x0000022e4713dc60 Thread added: 0x0000022e64c3d100
Event: 21.205 Thread 0x0000022e5e534a10 Thread added: 0x0000022e64c3d790
Event: 21.234 Thread 0x0000022e64c3d790 Thread added: 0x0000022e5ea4b150
Event: 25.759 Thread 0x0000022e5e3b0c40 Thread exited: 0x0000022e5e3b0c40


Dynamic libraries:
0x00007ff6e4940000 - 0x00007ff6e494e000 	c:\Users\electro fatal\.vscode\extensions\redhat.java-1.41.1-win32-x64\jre\21.0.6-win32-x86_64\bin\java.exe
0x00007ff802f10000 - 0x00007ff803127000 	C:\WINDOWS\SYSTEM32\ntdll.dll
0x00007ff8018b0000 - 0x00007ff801974000 	C:\WINDOWS\System32\KERNEL32.DLL
0x00007ff800020000 - 0x00007ff8003f3000 	C:\WINDOWS\System32\KERNELBASE.dll
0x00007ff800690000 - 0x00007ff8007a1000 	C:\WINDOWS\System32\ucrtbase.dll
0x00007fffafd80000 - 0x00007fffafd98000 	c:\Users\electro fatal\.vscode\extensions\redhat.java-1.41.1-win32-x64\jre\21.0.6-win32-x86_64\bin\jli.dll
0x00007fffb0680000 - 0x00007fffb069e000 	c:\Users\electro fatal\.vscode\extensions\redhat.java-1.41.1-win32-x64\jre\21.0.6-win32-x86_64\bin\VCRUNTIME140.dll
0x00007ff801b90000 - 0x00007ff801d41000 	C:\WINDOWS\System32\USER32.dll
0x00007ffff1600000 - 0x00007ffff1898000 	C:\WINDOWS\WinSxS\amd64_microsoft.windows.common-controls_6595b64144ccf1df_6.0.22621.5124_none_270e8f4f7386d69d\COMCTL32.dll
0x00007ff8005e0000 - 0x00007ff800606000 	C:\WINDOWS\System32\win32u.dll
0x00007ff801ae0000 - 0x00007ff801b87000 	C:\WINDOWS\System32\msvcrt.dll
0x00007ff800c50000 - 0x00007ff800c79000 	C:\WINDOWS\System32\GDI32.dll
0x00007ff800a60000 - 0x00007ff800b7b000 	C:\WINDOWS\System32\gdi32full.dll
0x00007ff800480000 - 0x00007ff80051a000 	C:\WINDOWS\System32\msvcp_win.dll
0x00007ff8017f0000 - 0x00007ff801821000 	C:\WINDOWS\System32\IMM32.DLL
0x00007fffafd70000 - 0x00007fffafd7c000 	c:\Users\electro fatal\.vscode\extensions\redhat.java-1.41.1-win32-x64\jre\21.0.6-win32-x86_64\bin\vcruntime140_1.dll
0x00007fffafbd0000 - 0x00007fffafc5d000 	c:\Users\electro fatal\.vscode\extensions\redhat.java-1.41.1-win32-x64\jre\21.0.6-win32-x86_64\bin\msvcp140.dll
0x00007fffaeb40000 - 0x00007fffaf8d0000 	c:\Users\electro fatal\.vscode\extensions\redhat.java-1.41.1-win32-x64\jre\21.0.6-win32-x86_64\bin\server\jvm.dll
0x00007ff801d50000 - 0x00007ff801e01000 	C:\WINDOWS\System32\ADVAPI32.dll
0x00007ff802e20000 - 0x00007ff802ec8000 	C:\WINDOWS\System32\sechost.dll
0x00007ff800b80000 - 0x00007ff800ba8000 	C:\WINDOWS\System32\bcrypt.dll
0x00007ff802270000 - 0x00007ff802384000 	C:\WINDOWS\System32\RPCRT4.dll
0x00007ff801830000 - 0x00007ff8018a1000 	C:\WINDOWS\System32\WS2_32.dll
0x00007ffff69c0000 - 0x00007ffff69ca000 	C:\WINDOWS\SYSTEM32\VERSION.dll
0x00007fffffd30000 - 0x00007fffffd7d000 	C:\WINDOWS\SYSTEM32\POWRPROF.dll
0x00007ffffcdf0000 - 0x00007ffffce24000 	C:\WINDOWS\SYSTEM32\WINMM.dll
0x00007fffffd10000 - 0x00007fffffd23000 	C:\WINDOWS\SYSTEM32\UMPDC.dll
0x00007fffff040000 - 0x00007fffff058000 	C:\WINDOWS\SYSTEM32\kernel.appcore.dll
0x00007fffafd00000 - 0x00007fffafd0a000 	c:\Users\electro fatal\.vscode\extensions\redhat.java-1.41.1-win32-x64\jre\21.0.6-win32-x86_64\bin\jimage.dll
0x00007ffffd9d0000 - 0x00007ffffdc02000 	C:\WINDOWS\SYSTEM32\DBGHELP.DLL
0x00007ff802830000 - 0x00007ff802bc2000 	C:\WINDOWS\System32\combase.dll
0x00007ff802d30000 - 0x00007ff802e07000 	C:\WINDOWS\System32\OLEAUT32.dll
0x00007ffffcdb0000 - 0x00007ffffcde2000 	C:\WINDOWS\SYSTEM32\dbgcore.DLL
0x00007ff800610000 - 0x00007ff80068b000 	C:\WINDOWS\System32\bcryptPrimitives.dll
0x00007fffafcf0000 - 0x00007fffafcff000 	c:\Users\electro fatal\.vscode\extensions\redhat.java-1.41.1-win32-x64\jre\21.0.6-win32-x86_64\bin\instrument.dll
0x00007fffafbb0000 - 0x00007fffafbcf000 	c:\Users\electro fatal\.vscode\extensions\redhat.java-1.41.1-win32-x64\jre\21.0.6-win32-x86_64\bin\java.dll
0x00007ff800ef0000 - 0x00007ff801786000 	C:\WINDOWS\System32\SHELL32.dll
0x00007ff8007b0000 - 0x00007ff8008ef000 	C:\WINDOWS\System32\wintypes.dll
0x00007ffffdf30000 - 0x00007ffffe84a000 	C:\WINDOWS\SYSTEM32\windows.storage.dll
0x00007ff801980000 - 0x00007ff801a8a000 	C:\WINDOWS\System32\SHCORE.dll
0x00007ff801ea0000 - 0x00007ff801f03000 	C:\WINDOWS\System32\shlwapi.dll
0x00007ffffff40000 - 0x00007ffffff6b000 	C:\WINDOWS\SYSTEM32\profapi.dll
0x00007fffe2ef0000 - 0x00007fffe2f08000 	c:\Users\electro fatal\.vscode\extensions\redhat.java-1.41.1-win32-x64\jre\21.0.6-win32-x86_64\bin\zip.dll
0x00007fffe3060000 - 0x00007fffe3070000 	C:\Users\electro fatal\.vscode\extensions\redhat.java-1.41.1-win32-x64\jre\21.0.6-win32-x86_64\bin\net.dll
0x00007ffffa220000 - 0x00007ffffa34c000 	C:\WINDOWS\SYSTEM32\WINHTTP.dll
0x00007fffff4c0000 - 0x00007fffff52a000 	C:\WINDOWS\system32\mswsock.dll
0x00007fffe2ed0000 - 0x00007fffe2ee6000 	C:\Users\electro fatal\.vscode\extensions\redhat.java-1.41.1-win32-x64\jre\21.0.6-win32-x86_64\bin\nio.dll
0x00007fffe31c0000 - 0x00007fffe31d0000 	c:\Users\electro fatal\.vscode\extensions\redhat.java-1.41.1-win32-x64\jre\21.0.6-win32-x86_64\bin\verify.dll
0x00007fffae1e0000 - 0x00007fffae225000 	C:\Users\electro fatal\AppData\Roaming\Code\User\globalStorage\redhat.java\1.41.1\config_win\org.eclipse.equinox.launcher\org.eclipse.equinox.launcher.win32.win32.x86_64_1.2.1300.v20250331-1702\eclipse_11911.dll
0x00007ff800d40000 - 0x00007ff800ee1000 	C:\WINDOWS\System32\ole32.dll
0x00007fffff720000 - 0x00007fffff73b000 	C:\WINDOWS\SYSTEM32\CRYPTSP.dll
0x00007ffffefa0000 - 0x00007ffffefd7000 	C:\WINDOWS\system32\rsaenh.dll
0x00007fffff5b0000 - 0x00007fffff5d8000 	C:\WINDOWS\SYSTEM32\USERENV.dll
0x00007fffff710000 - 0x00007fffff71c000 	C:\WINDOWS\SYSTEM32\CRYPTBASE.dll
0x00007ffffeab0000 - 0x00007ffffeadd000 	C:\WINDOWS\SYSTEM32\IPHLPAPI.DLL
0x00007ff802090000 - 0x00007ff802099000 	C:\WINDOWS\System32\NSI.dll
0x00007fffdb5c0000 - 0x00007fffdb609000 	C:\Users\electro fatal\AppData\Local\Temp\jna-751229936\jna6482410038354519712.dll
0x00007ff800d30000 - 0x00007ff800d38000 	C:\WINDOWS\System32\PSAPI.DLL
0x00007ffffaec0000 - 0x00007ffffaed9000 	C:\WINDOWS\SYSTEM32\dhcpcsvc6.DLL
0x00007ffffa200000 - 0x00007ffffa21f000 	C:\WINDOWS\SYSTEM32\dhcpcsvc.DLL

dbghelp: loaded successfully - version: 4.0.5 - missing functions: none
symbol engine: initialized successfully - sym options: 0x614 - pdb path: .;c:\Users\electro fatal\.vscode\extensions\redhat.java-1.41.1-win32-x64\jre\21.0.6-win32-x86_64\bin;C:\WINDOWS\SYSTEM32;C:\WINDOWS\WinSxS\amd64_microsoft.windows.common-controls_6595b64144ccf1df_6.0.22621.5124_none_270e8f4f7386d69d;c:\Users\electro fatal\.vscode\extensions\redhat.java-1.41.1-win32-x64\jre\21.0.6-win32-x86_64\bin\server;C:\Users\electro fatal\AppData\Roaming\Code\User\globalStorage\redhat.java\1.41.1\config_win\org.eclipse.equinox.launcher\org.eclipse.equinox.launcher.win32.win32.x86_64_1.2.1300.v20250331-1702;C:\Users\electro fatal\AppData\Local\Temp\jna-751229936

VM Arguments:
jvm_args: --add-modules=ALL-SYSTEM --add-opens=java.base/java.util=ALL-UNNAMED --add-opens=java.base/java.lang=ALL-UNNAMED --add-opens=java.base/sun.nio.fs=ALL-UNNAMED -Declipse.application=org.eclipse.jdt.ls.core.id1 -Dosgi.bundles.defaultStartLevel=4 -Declipse.product=org.eclipse.jdt.ls.core.product -Djava.import.generatesMetadataFilesAtProjectRoot=false -DDetectVMInstallationsJob.disabled=true -Dfile.encoding=utf8 -XX:+UseParallelGC -XX:GCTimeRatio=4 -XX:AdaptiveSizePolicyWeight=90 -Dsun.zip.disableMemoryMapping=true -Xmx1G -Xms100m -Xlog:disable -javaagent:c:\Users\electro fatal\.vscode\extensions\redhat.java-1.41.1-win32-x64\lombok\lombok-1.18.36.jar -XX:+HeapDumpOnOutOfMemoryError -XX:HeapDumpPath=c:\Users\electro fatal\AppData\Roaming\Code\User\workspaceStorage\14ca5f512a10cbae4fa5c18548324113\redhat.java -Daether.dependencyCollector.impl=bf 
java_command: c:\Users\electro fatal\.vscode\extensions\redhat.java-1.41.1-win32-x64\server\plugins\org.eclipse.equinox.launcher_1.7.0.v20250331-1702.jar -configuration c:\Users\electro fatal\AppData\Roaming\Code\User\globalStorage\redhat.java\1.41.1\config_win -data c:\Users\electro fatal\AppData\Roaming\Code\User\workspaceStorage\14ca5f512a10cbae4fa5c18548324113\redhat.java\jdt_ws --pipe=\\.\pipe\lsp-8645290d8289494a07628ca98f1ac23f-sock
java_class_path (initial): c:\Users\electro fatal\.vscode\extensions\redhat.java-1.41.1-win32-x64\server\plugins\org.eclipse.equinox.launcher_1.7.0.v20250331-1702.jar
Launcher Type: SUN_STANDARD

[Global flags]
    uintx AdaptiveSizePolicyWeight                 = 90                                        {product} {command line}
     intx CICompilerCount                          = 12                                        {product} {ergonomic}
    uintx GCTimeRatio                              = 4                                         {product} {command line}
     bool HeapDumpOnOutOfMemoryError               = true                                   {manageable} {command line}
    ccstr HeapDumpPath                             = c:\Users\electro fatal\AppData\Roaming\Code\User\workspaceStorage\14ca5f512a10cbae4fa5c18548324113\redhat.java         {manageable} {command line}
   size_t InitialHeapSize                          = 104857600                                 {product} {command line}
   size_t MaxHeapSize                              = 1073741824                                {product} {command line}
   size_t MaxNewSize                               = 357564416                                 {product} {ergonomic}
   size_t MinHeapDeltaBytes                        = 524288                                    {product} {ergonomic}
   size_t MinHeapSize                              = 104857600                                 {product} {command line}
   size_t NewSize                                  = 34603008                                  {product} {ergonomic}
    uintx NonNMethodCodeHeapSize                   = 7602480                                {pd product} {ergonomic}
    uintx NonProfiledCodeHeapSize                  = 122027880                              {pd product} {ergonomic}
   size_t OldSize                                  = 70254592                                  {product} {ergonomic}
    uintx ProfiledCodeHeapSize                     = 122027880                              {pd product} {ergonomic}
    uintx ReservedCodeCacheSize                    = 251658240                              {pd product} {ergonomic}
     bool SegmentedCodeCache                       = true                                      {product} {ergonomic}
   size_t SoftMaxHeapSize                          = 1073741824                             {manageable} {ergonomic}
     bool UseCompressedOops                        = true                           {product lp64_product} {ergonomic}
     bool UseLargePagesIndividualAllocation        = false                                  {pd product} {ergonomic}
     bool UseParallelGC                            = true                                      {product} {command line}

Logging:
Log output configuration:
 #0: stdout all=off uptime,level,tags foldmultilines=false
 #1: stderr all=off uptime,level,tags foldmultilines=false

Environment Variables:
PATH=C:\Program Files\Common Files\Oracle\Java\javapath;C:\Program Files (x86)\VMware\VMware Workstation\bin\;C:\WINDOWS\system32;C:\WINDOWS;C:\WINDOWS\System32\Wbem;C:\WINDOWS\System32\WindowsPowerShell\v1.0\;C:\WINDOWS\System32\OpenSSH\;C:\Program Files\apache-maven-3.8.5\bin;C:\Program Files\Git\cmd;C:\Program Files\Git\bin;C:\Program Files\nodejs\;C:\ProgramData\chocolatey\bin;C:\Users\electro fatal\AppData\Local\Programs\Python\Python313\Scripts\;C:\Users\electro fatal\AppData\Local\Programs\Python\Python313\;C:\Users\electro fatal\AppData\Local\Programs\Python\Python311\Scripts\;C:\Users\electro fatal\AppData\Local\Programs\Python\Python311\;C:\Users\electro fatal\AppData\Local\Programs\Python\Python312\Scripts\;C:\Users\electro fatal\AppData\Local\Programs\Python\Python312\;C:\Users\electro fatal\AppData\Local\Microsoft\WindowsApps;C:\Users\electro fatal\AppData\Local\Programs\Microsoft VS Code\bin;C:\Users\electro fatal\AppData\Local\GitHubDesktop\bin;C:\Users\electro fatal\AppData\Roaming\npm;C:\xampp\mysql\bin;
USERNAME=electro fatal
OS=Windows_NT
PROCESSOR_IDENTIFIER=AMD64 Family 23 Model 104 Stepping 1, AuthenticAMD
TMP=C:\Users\ELECTR~1\AppData\Local\Temp
TEMP=C:\Users\ELECTR~1\AppData\Local\Temp




Periodic native trim disabled

---------------  S Y S T E M  ---------------

OS:
 Windows 11 , 64 bit Build 22621 (10.0.22621.5124)
OS uptime: 4 days 20:40 hours

CPU: total 16 (initial active 16) (16 cores per cpu, 2 threads per core) family 23 model 104 stepping 1 microcode 0x0, cx8, cmov, fxsr, ht, mmx, 3dnowpref, sse, sse2, sse3, ssse3, sse4a, sse4.1, sse4.2, popcnt, lzcnt, tsc, tscinvbit, avx, avx2, aes, clmul, bmi1, bmi2, adx, sha, fma, vzeroupper, clflush, clflushopt, rdtscp, rdpid, f16c
Processor Information for the first 16 processors :
  Max Mhz: 1801, Current Mhz: 1801, Mhz Limit: 1801

Memory: 4k page, system-wide physical 7542M (336M free)
TotalPageFile size 31094M (AvailPageFile size 3M)
current process WorkingSet (physical memory assigned to process): 420M, peak: 420M
current process commit charge ("private bytes"): 412M, peak: 924M

vm_info: OpenJDK 64-Bit Server VM (21.0.6+7-LTS) for windows-amd64 JRE (21.0.6+7-LTS), built on 2025-01-21T00:00:00Z by "admin" with MS VC++ 17.7 (VS2022)

END.
