#
# A fatal error has been detected by the Java Runtime Environment:
#
#  EXCEPTION_ACCESS_VIOLATION (0xc0000005) at pc=0x00007ffa51a8c236, pid=21496, tid=25900
#
# JRE version: OpenJDK Runtime Environment Temurin-21.0.4+7 (21.0.4+7) (build 21.0.4+7-LTS)
# Java VM: OpenJDK 64-Bit Server VM Temurin-21.0.4+7 (21.0.4+7-LTS, mixed mode, emulated-client, tiered, compressed oops, compressed class ptrs, g1 gc, windows-amd64)
# Problematic frame:
# V  [jvm.dll+0xc236]
#
# No core dump will be written. Minidumps are not enabled by default on client versions of Windows
#
# If you would like to submit a bug report, please visit:
#   https://github.com/adoptium/adoptium-support/issues
#

---------------  S U M M A R Y ------------

Command Line: -XX:+ShowCodeDetailsInExceptionMessages -agentlib:jdwp=transport=dt_socket,suspend=y,address=localhost:59554 -Dcom.sun.management.jmxremote -Dcom.sun.management.jmxremote.port=59552 -Dcom.sun.management.jmxremote.authenticate=false -Dcom.sun.management.jmxremote.ssl=false -Djava.rmi.server.hostname=localhost -Dspring.jmx.enabled=true -Dmanagement.endpoints.jmx.exposure.include=* -Dspring.application.admin.enabled=true -XX:TieredStopAtLevel=1 -Dspring.boot.project.name=recruitment-website-app -javaagent:C:\Users\electro fatal\Documents\sts-4.26.0.RELEASE\configuration\org.eclipse.osgi\271\0\.cp\lib\javaagent-shaded.jar -Dfile.encoding=UTF-8 -Dstdout.encoding=UTF-8 -Dstderr.encoding=UTF-8 com.oumaima.demo.RecruitmentWebsiteAppApplication --spring.output.ansi.enabled=always

Host: AMD Ryzen 7 5700U with Radeon Graphics         , 16 cores, 7G,  Windows 11 , 64 bit Build 22621 (10.0.22621.4974)
Time: Mon Apr 14 12:01:39 2025 Morocco Daylight Time elapsed time: 2729.260655 seconds (0d 0h 45m 29s)

---------------  T H R E A D  ---------------

Current thread (0x000002c97ea50d80):  WorkerThread "GC Thread#12"   [id=25900, stack(0x000000cb02400000,0x000000cb02500000) (1024K)]

Stack: [0x000000cb02400000,0x000000cb02500000],  sp=0x000000cb024fe308,  free space=1016k
Native frames: (J=compiled Java code, j=interpreted, Vv=VM code, C=native code)
V  [jvm.dll+0xc236]

JavaThread 0x000002c97f836a20 (nid = 24580) was being processed
Java frames: (J=compiled Java code, j=interpreted, Vv=VM code)
j  java.lang.invoke.DirectMethodHandle$Holder.newInvokeSpecial(Ljava/lang/Object;)Ljava/lang/Object;+15 java.base@21.0.4
J 909 c1 jdk.internal.reflect.DirectConstructorHandleAccessor.newInstance([Ljava/lang/Object;)Ljava/lang/Object; java.base@21.0.4 (130 bytes) @ 0x000002c97129e334 [0x000002c97129e160+0x00000000000001d4]
J 908 c1 java.lang.reflect.Constructor.newInstanceWithCaller([Ljava/lang/Object;ZLjava/lang/Class;)Ljava/lang/Object; java.base@21.0.4 (51 bytes) @ 0x000002c97120cd1c [0x000002c97120cc40+0x00000000000000dc]
J 3483 c1 org.springframework.beans.BeanUtils.instantiateClass(Ljava/lang/reflect/Constructor;[Ljava/lang/Object;)Ljava/lang/Object; (208 bytes) @ 0x000002c971797234 [0x000002c971796d00+0x0000000000000534]
J 8280 c1 org.springframework.beans.factory.support.SimpleInstantiationStrategy.instantiate(Lorg/springframework/beans/factory/support/RootBeanDefinition;Ljava/lang/String;Lorg/springframework/beans/factory/BeanFactory;)Ljava/lang/Object; (123 bytes) @ 0x000002c9716aab94 [0x000002c9716aa720+0x0000000000000474]
J 8279 c1 org.springframework.beans.factory.support.AbstractAutowireCapableBeanFactory.instantiateBean(Ljava/lang/String;Lorg/springframework/beans/factory/support/RootBeanDefinition;)Lorg/springframework/beans/BeanWrapper; (51 bytes) @ 0x000002c971b3d3e4 [0x000002c971b3d340+0x00000000000000a4]
J 6113 c1 org.springframework.beans.factory.support.AbstractAutowireCapableBeanFactory.createBeanInstance(Ljava/lang/String;Lorg/springframework/beans/factory/support/RootBeanDefinition;[Ljava/lang/Object;)Lorg/springframework/beans/BeanWrapper; (245 bytes) @ 0x000002c971ba9d34 [0x000002c971ba9740+0x00000000000005f4]
J 6112 c1 org.springframework.beans.factory.support.AbstractAutowireCapableBeanFactory.doCreateBean(Ljava/lang/String;Lorg/springframework/beans/factory/support/RootBeanDefinition;[Ljava/lang/Object;)Ljava/lang/Object; (465 bytes) @ 0x000002c971baca1c [0x000002c971bac880+0x000000000000019c]
J 6111 c1 org.springframework.beans.factory.support.AbstractAutowireCapableBeanFactory.createBean(Ljava/lang/String;Lorg/springframework/beans/factory/support/RootBeanDefinition;[Ljava/lang/Object;)Ljava/lang/Object; (214 bytes) @ 0x000002c971ba6eec [0x000002c971ba6a40+0x00000000000004ac]
J 6126 c1 org.springframework.beans.factory.support.AbstractBeanFactory$$Lambda+0x0000000100347730.getObject()Ljava/lang/Object; (20 bytes) @ 0x000002c971bb13ac [0x000002c971bb1320+0x000000000000008c]
J 6109 c1 org.springframework.beans.factory.support.DefaultSingletonBeanRegistry.getSingleton(Ljava/lang/String;Lorg/springframework/beans/factory/ObjectFactory;)Ljava/lang/Object; (1013 bytes) @ 0x000002c971bb3814 [0x000002c971bb2b60+0x0000000000000cb4]
J 3293 c1 org.springframework.beans.factory.support.AbstractBeanFactory.doGetBean(Ljava/lang/String;Ljava/lang/Class;[Ljava/lang/Object;Z)Ljava/lang/Object; (787 bytes) @ 0x000002c97174045c [0x000002c97173fe20+0x000000000000063c]
J 6163 c1 org.springframework.beans.factory.support.DefaultListableBeanFactory.instantiateSingleton(Ljava/lang/String;)V (56 bytes) @ 0x000002c971bcd5cc [0x000002c971bcd1a0+0x000000000000042c]
J 6155 c1 org.springframework.beans.factory.support.DefaultListableBeanFactory.preInstantiateSingleton(Ljava/lang/String;Lorg/springframework/beans/factory/support/RootBeanDefinition;)Ljava/util/concurrent/CompletableFuture; (165 bytes) @ 0x000002c971bc939c [0x000002c971bc9100+0x000000000000029c]
j  org.springframework.beans.factory.support.DefaultListableBeanFactory.preInstantiateSingletons()V+121
j  org.springframework.context.support.AbstractApplicationContext.finishBeanFactoryInitialization(Lorg/springframework/beans/factory/config/ConfigurableListableBeanFactory;)V+284
j  org.springframework.context.support.AbstractApplicationContext.refresh()V+94
j  org.springframework.boot.web.servlet.context.ServletWebServerApplicationContext.refresh()V+1
j  org.springframework.boot.SpringApplication.refresh(Lorg/springframework/context/ConfigurableApplicationContext;)V+1
j  org.springframework.boot.SpringApplication.refreshContext(Lorg/springframework/context/ConfigurableApplicationContext;)V+19
j  org.springframework.boot.SpringApplication.run([Ljava/lang/String;)Lorg/springframework/context/ConfigurableApplicationContext;+113
j  org.springframework.boot.SpringApplication.run([Ljava/lang/Class;[Ljava/lang/String;)Lorg/springframework/context/ConfigurableApplicationContext;+9
j  org.springframework.boot.SpringApplication.run(Ljava/lang/Class;[Ljava/lang/String;)Lorg/springframework/context/ConfigurableApplicationContext;+9
j  com.oumaima.demo.RecruitmentWebsiteAppApplication.main([Ljava/lang/String;)V+3
j  java.lang.invoke.LambdaForm$DMH+0x00000001000c4c00.invokeStatic(Ljava/lang/Object;Ljava/lang/Object;)V+10 java.base@21.0.4
j  java.lang.invoke.LambdaForm$MH+0x0000000100b59400.invoke(Ljava/lang/Object;Ljava/lang/Object;Ljava/lang/Object;)Ljava/lang/Object;+33 java.base@21.0.4
J 4507 c1 jdk.internal.reflect.DirectMethodHandleAccessor.invoke(Ljava/lang/Object;[Ljava/lang/Object;)Ljava/lang/Object; java.base@21.0.4 (92 bytes) @ 0x000002c971936b14 [0x000002c9719367c0+0x0000000000000354]
J 4538 c1 java.lang.reflect.Method.invoke(Ljava/lang/Object;[Ljava/lang/Object;)Ljava/lang/Object; java.base@21.0.4 (108 bytes) @ 0x000002c97194026c [0x000002c971940080+0x00000000000001ec]
j  org.springframework.boot.devtools.restart.RestartLauncher.run()V+47
v  ~StubRoutines::call_stub 0x000002c970e7100d

siginfo: EXCEPTION_ACCESS_VIOLATION (0xc0000005), reading address 0x00000003d1f66680


Registers:
RAX=0x0000000000000000, RBX=0x0000000000006574, RCX=0x000000cb00ffda20, RDX=0x000000cb00ffda20
RSP=0x000000cb024fe308, RBP=0x000000cb024fe4e0, RSI=0x000000cb024fe6b0, RDI=0x000000cb00ffda20
R8 =0x00000003d1f66678, R9 =0x000000cb00ffda20, R10=0x000002c970e70000, R11=0x000000cb024fe558
R12=0x000002c979b65d88, R13=0x000000cb00ffda20, R14=0x000002c97f42a700, R15=0x00000003d1f66678
RIP=0x00007ffa51a8c236, EFLAGS=0x0000000000010206


Register to memory mapping:

RAX=0x0 is null
RBX=0x0000000000006574 is an unknown value
RCX=0x000000cb00ffda20 is pointing into the stack for thread: 0x000002c97f836a20
RDX=0x000000cb00ffda20 is pointing into the stack for thread: 0x000002c97f836a20
RSP=0x000000cb024fe308 points into unknown readable memory: 0x00007ffa51dd6a5b | 5b 6a dd 51 fa 7f 00 00
RBP=0x000000cb024fe4e0 points into unknown readable memory: 0x000000cb00000000 | 00 00 00 00 cb 00 00 00
RSI=0x000000cb024fe6b0 points into unknown readable memory: 0x000000cb00ffda18 | 18 da ff 00 cb 00 00 00
RDI=0x000000cb00ffda20 is pointing into the stack for thread: 0x000002c97f836a20
R8 =0x00000003d1f66678 is an unknown value
R9 =0x000000cb00ffda20 is pointing into the stack for thread: 0x000002c97f836a20
R10=0x000002c970e70000 points into unknown readable memory: 0x0000000000000006 | 06 00 00 00 00 00 00 00
R11=0x000000cb024fe558 points into unknown readable memory: 0x00007ffa51d9337d | 7d 33 d9 51 fa 7f 00 00
R12=0x000002c979b65d88 points into unknown readable memory: 0x4c2800326a0fffff | ff ff 0f 6a 32 00 28 4c
R13=0x000000cb00ffda20 is pointing into the stack for thread: 0x000002c97f836a20
R14=0x000002c97f42a700 points into unknown readable memory: 0x00007ffa524a5a88 | 88 5a 4a 52 fa 7f 00 00
R15=0x00000003d1f66678 is an unknown value

Top of Stack: (sp=0x000000cb024fe308)
0x000000cb024fe308:   00007ffa51dd6a5b 0000000000000000
0x000000cb024fe318:   0000000000000000 000000000000012f
0x000000cb024fe328:   00007ffa5213a91f 000000000000012f
0x000000cb024fe338:   0000000000000013 000002c97fa68db8
0x000000cb024fe348:   00007ffa52214e51 0000000000000a95
0x000000cb024fe358:   0000000000000008 000002c97fa68d58
0x000000cb024fe368:   0000000000000000 000002c97f020490
0x000000cb024fe378:   000002c97e73fe50 000002c979b65d88
0x000000cb024fe388:   000000cb00ffda20 000000cb024fe6b0
0x000000cb024fe398:   000000cb024fe4e0 000002c97fa68d58
0x000000cb024fe3a8:   00007ffa51de5024 000000cb024fe470
0x000000cb024fe3b8:   000000cb024fe6b0 000002c9799101e8
0x000000cb024fe3c8:   0000000000000000 000002c97fa68d58
0x000000cb024fe3d8:   00007ffa51d9392b 0000000000000001
0x000000cb024fe3e8:   000002c97a3ecce0 000002c97fa68d58
0x000000cb024fe3f8:   000000cb024fe6b0 0000000f71dc2401
0x000000cb024fe408:   000002c97a3ecce0 000002c97ea50d80
0x000000cb024fe418:   000002c900000003 00000000000003d8
0x000000cb024fe428:   000002c97e73fe60 000002c97e740238
0x000000cb024fe438:   000002c97a3ecccf 000002c9000000b8
0x000000cb024fe448:   000002c97a3ecce0 00007ffa5249cff0
0x000000cb024fe458:   000000cb024fe6b0 000002c97fa68d58
0x000000cb024fe468:   0000000400000003 000002c979b65d88
0x000000cb024fe478:   0000001300000001 0000000000000032
0x000000cb024fe488:   000000010000000c 000002c9799101e8
0x000000cb024fe498:   0000000000000000 000002c9019e9bac
0x000000cb024fe4a8:   00001aa200000002 0000000300000001
0x000000cb024fe4b8:   0000ffff09b0e500 00007ffa522d8330
0x000000cb024fe4c8:   000002c97fa68d58 000002c97a04da60
0x000000cb024fe4d8:   000000067e740013 000000cb00000000
0x000000cb024fe4e8:   0000000000000015 000002c97fa68d58
0x000000cb024fe4f8:   00007ffa51de507e 0000000000000000 

Instructions: (pc=0x00007ffa51a8c236)
0x00007ffa51a8c136:   48 8b 05 33 89 cc 00 48 8b 48 60 48 8b 04 d1 48
0x00007ffa51a8c146:   85 c0 75 08 48 8b 05 27 89 cc 00 c3 48 8b 05 17
0x00007ffa51a8c156:   89 cc 00 c3 cc cc cc cc cc cc 8b 05 52 5e c1 00
0x00007ffa51a8c166:   c3 cc cc cc cc cc cc cc cc cc 0f b6 05 a3 74 c1
0x00007ffa51a8c176:   00 48 8b d1 84 c0 74 16 44 8b 41 08 8b 0d 30 5e
0x00007ffa51a8c186:   c1 00 49 d3 e0 4c 03 05 1e 5e c1 00 eb 04 4c 8b
0x00007ffa51a8c196:   41 08 45 8b 48 08 45 85 c9 7e 0e 41 f6 c1 01 75
0x00007ffa51a8c1a6:   53 41 c1 f9 03 49 63 c1 c3 79 49 84 c0 41 b8 0c
0x00007ffa51a8c1b6:   00 00 00 8b 05 69 6f c1 00 b9 10 00 00 00 41 0f
0x00007ffa51a8c1c6:   45 c8 ff c8 4c 63 c0 41 8b c1 48 c1 f8 10 0f b6
0x00007ffa51a8c1d6:   c0 48 63 14 11 41 8b c9 83 e1 3f 48 d3 e2 49 8d
0x00007ffa51a8c1e6:   0c 10 49 f7 d0 48 03 c1 49 c1 e8 03 48 c1 e8 03
0x00007ffa51a8c1f6:   49 23 c0 c3 49 8b 00 49 8b c8 48 ff a0 00 01 00
0x00007ffa51a8c206:   00 cc cc cc cc cc cc cc cc cc 8b 44 24 30 45 03
0x00007ffa51a8c216:   c9 44 2b 4c 24 28 83 c0 0b 44 03 ca 45 03 c8 41
0x00007ffa51a8c226:   03 c1 c3 cc cc cc cc cc cc cc 4c 8b c2 48 8b d1
0x00007ffa51a8c236:   45 8b 48 08 45 85 c9 7e 0e 41 f6 c1 01 75 56 41
0x00007ffa51a8c246:   c1 f9 03 49 63 c1 c3 79 4c 80 3d c4 73 c1 00 00
0x00007ffa51a8c256:   b8 0c 00 00 00 b9 10 00 00 00 0f 45 c8 8b 05 bf
0x00007ffa51a8c266:   6e c1 00 ff c8 4c 63 c0 41 8b c1 48 c1 f8 10 48
0x00007ffa51a8c276:   63 14 11 41 8b c9 83 e1 3f 0f b6 c0 48 d3 e2 49
0x00007ffa51a8c286:   8d 0c 10 49 f7 d0 48 03 c1 49 c1 e8 03 48 c1 e8
0x00007ffa51a8c296:   03 49 23 c0 c3 49 8b 00 49 8b c8 48 ff a0 00 01
0x00007ffa51a8c2a6:   00 00 cc cc cc cc cc cc cc cc 48 8b 41 08 0f b7
0x00007ffa51a8c2b6:   48 2c 0f b7 40 2a 83 c0 48 03 c1 c3 cc cc cc cc
0x00007ffa51a8c2c6:   cc cc cc cc cc cc cc cc cc cc 48 89 5c 24 08 57
0x00007ffa51a8c2d6:   48 83 ec 20 0f b6 05 df 70 cc 00 48 8b fa 48 8b
0x00007ffa51a8c2e6:   d9 84 c0 74 4f 48 85 15 76 68 cc 00 74 38 48 8b
0x00007ffa51a8c2f6:   ca e8 94 a8 8c 00 48 8b d0 48 85 db 74 25 48 85
0x00007ffa51a8c306:   c0 74 20 48 8b c7 f0 48 0f b1 13 74 16 48 85 05
0x00007ffa51a8c316:   4e 68 cc 00 74 0d 48 8b c8 f0 48 0f b1 13 48 3b
0x00007ffa51a8c326:   c1 75 ea 48 8b fa 48 8b c7 48 8b 5c 24 30 48 83 


Stack slot to memory mapping:

stack at sp + 0 slots: 0x00007ffa51dd6a5b jvm.dll
stack at sp + 1 slots: 0x0 is null
stack at sp + 2 slots: 0x0 is null
stack at sp + 3 slots: 0x000000000000012f is an unknown value
stack at sp + 4 slots: 0x00007ffa5213a91f jvm.dll
stack at sp + 5 slots: 0x000000000000012f is an unknown value
stack at sp + 6 slots: 0x0000000000000013 is an unknown value
stack at sp + 7 slots: 0x000002c97fa68db8 points into unknown readable memory: 0x00007ffa524a7790 | 90 77 4a 52 fa 7f 00 00


---------------  P R O C E S S  ---------------

Threads class SMR info:
_java_thread_list=0x000002c97e66adb0, length=31, elements={
0x000002c979b07e10, 0x000002c979b09010, 0x000002c979b0b480, 0x000002c979b0bee0,
0x000002c979b0c940, 0x000002c979b0f430, 0x000002c979ae9ed0, 0x000002c9799f13d0,
0x000002c979d470a0, 0x000002c979d54440, 0x000002c979d56be0, 0x000002c97e743630,
0x000002c97e9e7c20, 0x000002c97e9f0030, 0x000002c97ea05280, 0x000002c97ee1c1f0,
0x000002c97ee232d0, 0x000002c97ee28ee0, 0x000002c97f83c600, 0x000002c97f83abc0,
0x000002c97f83b250, 0x000002c9015e4940, 0x000002c9015e70a0, 0x000002c9015e3590,
0x000002c9015e14c0, 0x000002c97f83d9b0, 0x000002c97f836a20, 0x000002c97f838460,
0x000002c97f83b8e0, 0x000002c97f83d320, 0x000002c97f837dd0
}

Java Threads: ( => current thread )
  0x000002c979b07e10 JavaThread "Reference Handler"          daemon [_thread_blocked, id=15688, stack(0x000000cb00100000,0x000000cb00200000) (1024K)]
  0x000002c979b09010 JavaThread "Finalizer"                  daemon [_thread_blocked, id=26904, stack(0x000000cb00200000,0x000000cb00300000) (1024K)]
  0x000002c979b0b480 JavaThread "Signal Dispatcher"          daemon [_thread_blocked, id=26184, stack(0x000000cb00300000,0x000000cb00400000) (1024K)]
  0x000002c979b0bee0 JavaThread "Attach Listener"            daemon [_thread_blocked, id=22748, stack(0x000000cb00400000,0x000000cb00500000) (1024K)]
  0x000002c979b0c940 JavaThread "Service Thread"             daemon [_thread_blocked, id=11640, stack(0x000000cb00500000,0x000000cb00600000) (1024K)]
  0x000002c979b0f430 JavaThread "Monitor Deflation Thread"   daemon [_thread_blocked, id=16156, stack(0x000000cb00600000,0x000000cb00700000) (1024K)]
  0x000002c979ae9ed0 JavaThread "C1 CompilerThread0"         daemon [_thread_blocked, id=15792, stack(0x000000cb00700000,0x000000cb00800000) (1024K)]
  0x000002c9799f13d0 JavaThread "Common-Cleaner"             daemon [_thread_blocked, id=16040, stack(0x000000cb00800000,0x000000cb00900000) (1024K)]
  0x000002c979d470a0 JavaThread "JDWP Transport Listener: dt_socket" daemon [_thread_blocked, id=16052, stack(0x000000cb00b00000,0x000000cb00c00000) (1024K)]
  0x000002c979d54440 JavaThread "JDWP Event Helper Thread"   daemon [_thread_blocked, id=20300, stack(0x000000cb00c00000,0x000000cb00d00000) (1024K)]
  0x000002c979d56be0 JavaThread "JDWP Command Reader"        daemon [_thread_in_native, id=26432, stack(0x000000cb00d00000,0x000000cb00e00000) (1024K)]
  0x000002c97e743630 JavaThread "Notification Thread"        daemon [_thread_blocked, id=24448, stack(0x000000cb00e00000,0x000000cb00f00000) (1024K)]
  0x000002c97e9e7c20 JavaThread "RMI TCP Accept-0"           daemon [_thread_in_native, id=26800, stack(0x000000cb01000000,0x000000cb01100000) (1024K)]
  0x000002c97e9f0030 JavaThread "RMI TCP Accept-59552"       daemon [_thread_in_native, id=24996, stack(0x000000cb01100000,0x000000cb01200000) (1024K)]
  0x000002c97ea05280 JavaThread "RMI TCP Accept-0"           daemon [_thread_in_native, id=2956, stack(0x000000cb01200000,0x000000cb01300000) (1024K)]
  0x000002c97ee1c1f0 JavaThread "RMI Scheduler(0)"           daemon [_thread_blocked, id=27204, stack(0x000000cb01e00000,0x000000cb01f00000) (1024K)]
  0x000002c97ee232d0 JavaThread "RMI TCP Connection(47)-127.0.0.1" daemon [_thread_in_native, id=25968, stack(0x000000cb01f00000,0x000000cb02000000) (1024K)]
  0x000002c97ee28ee0 JavaThread "JMX server connection timeout 49" daemon [_thread_blocked, id=17328, stack(0x000000cb02000000,0x000000cb02100000) (1024K)]
  0x000002c97f83c600 JavaThread "Live Reload Server"         daemon [_thread_in_native, id=10352, stack(0x000000cb03200000,0x000000cb03300000) (1024K)]
  0x000002c97f83abc0 JavaThread "DestroyJavaVM"                     [_thread_blocked, id=22788, stack(0x000000cb7f900000,0x000000cb7fa00000) (1024K)]
  0x000002c97f83b250 JavaThread "File Watcher"               daemon [_thread_blocked, id=332, stack(0x000000cb00a00000,0x000000cb00b00000) (1024K)]
  0x000002c9015e4940 JavaThread "File Watcher"               daemon [_thread_blocked, id=25036, stack(0x000000cb01d00000,0x000000cb01e00000) (1024K)]
  0x000002c9015e70a0 JavaThread "MVStore background writer C:/Users/electro fatal/Documents/workspace-spring-tool-suite-4-4.26.0.RELEASE/recruitment-website-app/data/mydatabase.mv.db" daemon [_thread_blocked, id=26612, stack(0x000000cb02900000,0x000000cb02a00000) (1024K)]
  0x000002c9015e3590 JavaThread "H2-serialization"           daemon [_thread_blocked, id=25548, stack(0x000000cb02f00000,0x000000cb03000000) (1024K)]
  0x000002c9015e14c0 JavaThread "H2-save"                    daemon [_thread_blocked, id=19408, stack(0x000000cb03000000,0x000000cb03100000) (1024K)]
  0x000002c97f83d9b0 JavaThread "Thread-31"                         [_thread_blocked, id=26732, stack(0x000000cb00900000,0x000000cb00a00000) (1024K)]
  0x000002c97f836a20 JavaThread "restartedMain"                     [_thread_blocked, id=24580, stack(0x000000cb00f00000,0x000000cb01000000) (1024K)]
  0x000002c97f838460 JavaThread "Catalina-utility-1"                [_thread_blocked, id=23624, stack(0x000000cb02a00000,0x000000cb02b00000) (1024K)]
  0x000002c97f83b8e0 JavaThread "Catalina-utility-2"                [_thread_blocked, id=25644, stack(0x000000cb02b00000,0x000000cb02c00000) (1024K)]
  0x000002c97f83d320 JavaThread "container-1"                       [_thread_blocked, id=18528, stack(0x000000cb02c00000,0x000000cb02d00000) (1024K)]
  0x000002c97f837dd0 JavaThread "HikariPool-9 housekeeper"   daemon [_thread_blocked, id=21436, stack(0x000000cb02d00000,0x000000cb02e00000) (1024K)]
Total: 31

Other Threads:
  0x000002c979a891a0 VMThread "VM Thread"                           [id=19976, stack(0x000000cb00000000,0x000000cb00100000) (1024K)]
  0x000002c9799f0100 WatcherThread "VM Periodic Task Thread"        [id=26144, stack(0x000000cb7ff00000,0x000000cb80000000) (1024K)]
  0x000002c96d3d00d0 WorkerThread "GC Thread#0"                     [id=20668, stack(0x000000cb7fa00000,0x000000cb7fb00000) (1024K)]
  0x000002c97ea1b530 WorkerThread "GC Thread#1"                     [id=22240, stack(0x000000cb01300000,0x000000cb01400000) (1024K)]
  0x000002c97ea48620 WorkerThread "GC Thread#2"                     [id=26772, stack(0x000000cb01400000,0x000000cb01500000) (1024K)]
  0x000002c97ea4a270 WorkerThread "GC Thread#3"                     [id=7048, stack(0x000000cb01500000,0x000000cb01600000) (1024K)]
  0x000002c97ea4ef50 WorkerThread "GC Thread#4"                     [id=27532, stack(0x000000cb01600000,0x000000cb01700000) (1024K)]
  0x000002c97ea4f2f0 WorkerThread "GC Thread#5"                     [id=27628, stack(0x000000cb01700000,0x000000cb01800000) (1024K)]
  0x000002c97ea4f690 WorkerThread "GC Thread#6"                     [id=26168, stack(0x000000cb01800000,0x000000cb01900000) (1024K)]
  0x000002c97ea4fe40 WorkerThread "GC Thread#7"                     [id=26472, stack(0x000000cb01900000,0x000000cb01a00000) (1024K)]
  0x000002c97ea505f0 WorkerThread "GC Thread#8"                     [id=24428, stack(0x000000cb01a00000,0x000000cb01b00000) (1024K)]
  0x000002c97ea51120 WorkerThread "GC Thread#9"                     [id=9056, stack(0x000000cb01b00000,0x000000cb01c00000) (1024K)]
  0x000002c97ea51c00 WorkerThread "GC Thread#10"                    [id=26072, stack(0x000000cb01c00000,0x000000cb01d00000) (1024K)]
  0x000002c97ea51fa0 WorkerThread "GC Thread#11"                    [id=11400, stack(0x000000cb02300000,0x000000cb02400000) (1024K)]
=>0x000002c97ea50d80 WorkerThread "GC Thread#12"                    [id=25900, stack(0x000000cb02400000,0x000000cb02500000) (1024K)]
  0x000002c96d3dfc70 ConcurrentGCThread "G1 Main Marker"            [id=14416, stack(0x000000cb7fb00000,0x000000cb7fc00000) (1024K)]
  0x000002c96d3e10c0 WorkerThread "G1 Conc#0"                       [id=25008, stack(0x000000cb7fc00000,0x000000cb7fd00000) (1024K)]
  0x000002c97ea52340 WorkerThread "G1 Conc#1"                       [id=14528, stack(0x000000cb02500000,0x000000cb02600000) (1024K)]
  0x000002c97ea509e0 WorkerThread "G1 Conc#2"                       [id=4840, stack(0x000000cb02600000,0x000000cb02700000) (1024K)]
  0x000002c9798c25f0 ConcurrentGCThread "G1 Refine#0"               [id=26768, stack(0x000000cb7fd00000,0x000000cb7fe00000) (1024K)]
  0x000002c9798c3160 ConcurrentGCThread "G1 Service"                [id=20172, stack(0x000000cb7fe00000,0x000000cb7ff00000) (1024K)]
Total: 21

Threads with active compile tasks:
Total: 0

VM state: at safepoint (normal execution)

VM Mutex/Monitor currently owned by a thread:  ([mutex/lock_event])
[0x00007ffa52727308] Threads_lock - owner thread: 0x000002c979a891a0
[0x00007ffa52727408] Heap_lock - owner thread: 0x000002c9015e4940

Heap address: 0x000000008a200000, size: 1886 MB, Compressed Oops mode: 32-bit

CDS archive(s) not mapped
Compressed class space mapped at: 0x0000000100000000-0x0000000140000000, reserved size: 1073741824
Narrow klass base: 0x0000000000000000, Narrow klass shift: 3, Narrow klass range: 0x140000000

GC Precious Log:
 CardTable entry size: 512
 Card Set container configuration: InlinePtr #cards 5 size 8 Array Of Cards #cards 12 size 40 Howl #buckets 4 coarsen threshold 1843 Howl Bitmap #cards 512 size 80 coarsen threshold 460 Card regions per heap region 1 cards per card region 2048
 CPUs: 16 total, 16 available
 Memory: 7542M
 Large Page Support: Disabled
 NUMA Support: Disabled
 Compressed Oops: Enabled (32-bit)
 Heap Region Size: 1M
 Heap Min Capacity: 8M
 Heap Initial Capacity: 118M
 Heap Max Capacity: 1886M
 Pre-touch: Disabled
 Parallel Workers: 13
 Concurrent Workers: 3
 Concurrent Refinement Workers: 13
 Periodic GC: Disabled

Heap:
 garbage-first heap   total 96256K, used 80838K [0x000000008a200000, 0x0000000100000000)
  region size 1024K, 49 young (50176K), 2 survivors (2048K)
 Metaspace       used 87511K, committed 88320K, reserved 1179648K
  class space    used 11508K, committed 11904K, reserved 1048576K

Heap Regions: E=young(eden), S=young(survivor), O=old, HS=humongous(starts), HC=humongous(continues), CS=collection set, F=free, TAMS=top-at-mark-start, PB=parsable bottom
|   0|0x000000008a200000, 0x000000008a300000, 0x000000008a300000|100%|HS|  |TAMS 0x000000008a200000| PB 0x000000008a200000| Complete 
|   1|0x000000008a300000, 0x000000008a400000, 0x000000008a400000|100%|HS|  |TAMS 0x000000008a300000| PB 0x000000008a300000| Complete 
|   2|0x000000008a400000, 0x000000008a4ffff8, 0x000000008a500000| 99%| O|  |TAMS 0x000000008a400000| PB 0x000000008a400000| Untracked 
|   3|0x000000008a500000, 0x000000008a600000, 0x000000008a600000|100%| O|  |TAMS 0x000000008a500000| PB 0x000000008a500000| Untracked 
|   4|0x000000008a600000, 0x000000008a6fd408, 0x000000008a700000| 98%| O|  |TAMS 0x000000008a600000| PB 0x000000008a600000| Untracked 
|   5|0x000000008a700000, 0x000000008a7ffff8, 0x000000008a800000| 99%| O|  |TAMS 0x000000008a700000| PB 0x000000008a700000| Untracked 
|   6|0x000000008a800000, 0x000000008a8ffff8, 0x000000008a900000| 99%| O|  |TAMS 0x000000008a800000| PB 0x000000008a800000| Untracked 
|   7|0x000000008a900000, 0x000000008a9ffff0, 0x000000008aa00000| 99%| O|  |TAMS 0x000000008a900000| PB 0x000000008a900000| Untracked 
|   8|0x000000008aa00000, 0x000000008aafffd8, 0x000000008ab00000| 99%| O|  |TAMS 0x000000008aa00000| PB 0x000000008aa00000| Untracked 
|   9|0x000000008ab00000, 0x000000008ac00000, 0x000000008ac00000|100%| O|  |TAMS 0x000000008ab00000| PB 0x000000008ab00000| Untracked 
|  10|0x000000008ac00000, 0x000000008acfffe0, 0x000000008ad00000| 99%| O|  |TAMS 0x000000008ac00000| PB 0x000000008ac00000| Untracked 
|  11|0x000000008ad00000, 0x000000008adffff8, 0x000000008ae00000| 99%| O|  |TAMS 0x000000008ad00000| PB 0x000000008ad00000| Untracked 
|  12|0x000000008ae00000, 0x000000008aefff20, 0x000000008af00000| 99%| O|  |TAMS 0x000000008ae00000| PB 0x000000008ae00000| Untracked 
|  13|0x000000008af00000, 0x000000008b000000, 0x000000008b000000|100%| O|  |TAMS 0x000000008af00000| PB 0x000000008af00000| Untracked 
|  14|0x000000008b000000, 0x000000008b0ffff8, 0x000000008b100000| 99%| O|  |TAMS 0x000000008b000000| PB 0x000000008b000000| Untracked 
|  15|0x000000008b100000, 0x000000008b1fffe0, 0x000000008b200000| 99%| O|  |TAMS 0x000000008b100000| PB 0x000000008b100000| Untracked 
|  16|0x000000008b200000, 0x000000008b2ffff0, 0x000000008b300000| 99%| O|  |TAMS 0x000000008b200000| PB 0x000000008b200000| Untracked 
|  17|0x000000008b300000, 0x000000008b3fffd8, 0x000000008b400000| 99%| O|  |TAMS 0x000000008b300000| PB 0x000000008b300000| Untracked 
|  18|0x000000008b400000, 0x000000008b4ffff0, 0x000000008b500000| 99%| O|  |TAMS 0x000000008b400000| PB 0x000000008b400000| Untracked 
|  19|0x000000008b500000, 0x000000008b5b7f88, 0x000000008b600000| 71%| O|  |TAMS 0x000000008b500000| PB 0x000000008b500000| Untracked 
|  20|0x000000008b600000, 0x000000008b6ffff0, 0x000000008b700000| 99%| O|  |TAMS 0x000000008b600000| PB 0x000000008b600000| Untracked 
|  21|0x000000008b700000, 0x000000008b7a9df8, 0x000000008b800000| 66%| O|  |TAMS 0x000000008b700000| PB 0x000000008b700000| Untracked 
|  22|0x000000008b800000, 0x000000008b8fff78, 0x000000008b900000| 99%| O|  |TAMS 0x000000008b800000| PB 0x000000008b800000| Untracked 
|  23|0x000000008b900000, 0x000000008b9707a8, 0x000000008ba00000| 43%| O|  |TAMS 0x000000008b900000| PB 0x000000008b900000| Untracked 
|  24|0x000000008ba00000, 0x000000008bb00000, 0x000000008bb00000|100%| O|  |TAMS 0x000000008ba00000| PB 0x000000008ba00000| Untracked 
|  25|0x000000008bb00000, 0x000000008bc00000, 0x000000008bc00000|100%|HS|  |TAMS 0x000000008bb00000| PB 0x000000008bb00000| Complete 
|  26|0x000000008bc00000, 0x000000008bd00000, 0x000000008bd00000|100%|HC|  |TAMS 0x000000008bc00000| PB 0x000000008bc00000| Complete 
|  27|0x000000008bd00000, 0x000000008be00000, 0x000000008be00000|100%| O|  |TAMS 0x000000008bd00000| PB 0x000000008bd00000| Untracked 
|  28|0x000000008be00000, 0x000000008bf00000, 0x000000008bf00000|100%| O|  |TAMS 0x000000008be00000| PB 0x000000008be00000| Untracked 
|  29|0x000000008bf00000, 0x000000008bfa8ed0, 0x000000008c000000| 65%| O|  |TAMS 0x000000008bf00000| PB 0x000000008bf00000| Untracked 
|  30|0x000000008c000000, 0x000000008c100000, 0x000000008c100000|100%| O|  |TAMS 0x000000008c000000| PB 0x000000008c000000| Untracked 
|  31|0x000000008c100000, 0x000000008c200000, 0x000000008c200000|100%| O|  |TAMS 0x000000008c100000| PB 0x000000008c100000| Untracked 
|  32|0x000000008c200000, 0x000000008c21a578, 0x000000008c300000| 10%| O|Cm|TAMS 0x000000008c200000| PB 0x000000008c200000| Complete 
|  33|0x000000008c300000, 0x000000008c35f0c0, 0x000000008c400000| 37%| E|CS|TAMS 0x000000008c300000| PB 0x000000008c300000| Complete 
|  34|0x000000008c400000, 0x000000008c500000, 0x000000008c500000|100%| E|CS|TAMS 0x000000008c400000| PB 0x000000008c400000| Complete 
|  35|0x000000008c500000, 0x000000008c600000, 0x000000008c600000|100%| E|CS|TAMS 0x000000008c500000| PB 0x000000008c500000| Complete 
|  36|0x000000008c600000, 0x000000008c700000, 0x000000008c700000|100%| E|CS|TAMS 0x000000008c600000| PB 0x000000008c600000| Complete 
|  37|0x000000008c700000, 0x000000008c800000, 0x000000008c800000|100%| E|CS|TAMS 0x000000008c700000| PB 0x000000008c700000| Complete 
|  38|0x000000008c800000, 0x000000008c900000, 0x000000008c900000|100%| E|CS|TAMS 0x000000008c800000| PB 0x000000008c800000| Complete 
|  39|0x000000008c900000, 0x000000008c9d4790, 0x000000008ca00000| 82%| O|  |TAMS 0x000000008c900000| PB 0x000000008c900000| Untracked 
|  40|0x000000008ca00000, 0x000000008ca00000, 0x000000008cb00000|  0%| F|  |TAMS 0x000000008ca00000| PB 0x000000008ca00000| Untracked 
|  41|0x000000008cb00000, 0x000000008cb00000, 0x000000008cc00000|  0%| F|  |TAMS 0x000000008cb00000| PB 0x000000008cb00000| Untracked 
|  42|0x000000008cc00000, 0x000000008cc00000, 0x000000008cd00000|  0%| F|  |TAMS 0x000000008cc00000| PB 0x000000008cc00000| Untracked 
|  43|0x000000008cd00000, 0x000000008cd00000, 0x000000008ce00000|  0%| F|  |TAMS 0x000000008cd00000| PB 0x000000008cd00000| Untracked 
|  44|0x000000008ce00000, 0x000000008ce00000, 0x000000008cf00000|  0%| F|  |TAMS 0x000000008ce00000| PB 0x000000008ce00000| Untracked 
|  45|0x000000008cf00000, 0x000000008cffc310, 0x000000008d000000| 98%| S|  |TAMS 0x000000008cf00000| PB 0x000000008cf00000| Complete 
|  46|0x000000008d000000, 0x000000008d100000, 0x000000008d100000|100%| S|  |TAMS 0x000000008d000000| PB 0x000000008d000000| Complete 
|  47|0x000000008d100000, 0x000000008d200000, 0x000000008d200000|100%| E|CS|TAMS 0x000000008d100000| PB 0x000000008d100000| Complete 
|  48|0x000000008d200000, 0x000000008d300000, 0x000000008d300000|100%| E|CS|TAMS 0x000000008d200000| PB 0x000000008d200000| Complete 
|  49|0x000000008d300000, 0x000000008d400000, 0x000000008d400000|100%| E|CS|TAMS 0x000000008d300000| PB 0x000000008d300000| Complete 
|  50|0x000000008d400000, 0x000000008d500000, 0x000000008d500000|100%| E|CS|TAMS 0x000000008d400000| PB 0x000000008d400000| Complete 
|  51|0x000000008d500000, 0x000000008d600000, 0x000000008d600000|100%| E|CS|TAMS 0x000000008d500000| PB 0x000000008d500000| Complete 
|  52|0x000000008d600000, 0x000000008d700000, 0x000000008d700000|100%| E|CS|TAMS 0x000000008d600000| PB 0x000000008d600000| Complete 
|  53|0x000000008d700000, 0x000000008d800000, 0x000000008d800000|100%| E|CS|TAMS 0x000000008d700000| PB 0x000000008d700000| Complete 
|  54|0x000000008d800000, 0x000000008d900000, 0x000000008d900000|100%| E|CS|TAMS 0x000000008d800000| PB 0x000000008d800000| Complete 
|  55|0x000000008d900000, 0x000000008da00000, 0x000000008da00000|100%| E|CS|TAMS 0x000000008d900000| PB 0x000000008d900000| Complete 
|  56|0x000000008da00000, 0x000000008db00000, 0x000000008db00000|100%| E|CS|TAMS 0x000000008da00000| PB 0x000000008da00000| Complete 
|  57|0x000000008db00000, 0x000000008dc00000, 0x000000008dc00000|100%| E|CS|TAMS 0x000000008db00000| PB 0x000000008db00000| Complete 
|  58|0x000000008dc00000, 0x000000008dd00000, 0x000000008dd00000|100%| E|CS|TAMS 0x000000008dc00000| PB 0x000000008dc00000| Complete 
|  59|0x000000008dd00000, 0x000000008de00000, 0x000000008de00000|100%| E|CS|TAMS 0x000000008dd00000| PB 0x000000008dd00000| Complete 
|  60|0x000000008de00000, 0x000000008df00000, 0x000000008df00000|100%| E|CS|TAMS 0x000000008de00000| PB 0x000000008de00000| Complete 
|  61|0x000000008df00000, 0x000000008e000000, 0x000000008e000000|100%| E|CS|TAMS 0x000000008df00000| PB 0x000000008df00000| Complete 
|  62|0x000000008e000000, 0x000000008e100000, 0x000000008e100000|100%| E|CS|TAMS 0x000000008e000000| PB 0x000000008e000000| Complete 
|  63|0x000000008e100000, 0x000000008e200000, 0x000000008e200000|100%| E|CS|TAMS 0x000000008e100000| PB 0x000000008e100000| Complete 
|  64|0x000000008e200000, 0x000000008e300000, 0x000000008e300000|100%| E|CS|TAMS 0x000000008e200000| PB 0x000000008e200000| Complete 
|  65|0x000000008e300000, 0x000000008e400000, 0x000000008e400000|100%| E|CS|TAMS 0x000000008e300000| PB 0x000000008e300000| Complete 
|  66|0x000000008e400000, 0x000000008e500000, 0x000000008e500000|100%| E|CS|TAMS 0x000000008e400000| PB 0x000000008e400000| Complete 
|  67|0x000000008e500000, 0x000000008e600000, 0x000000008e600000|100%| E|CS|TAMS 0x000000008e500000| PB 0x000000008e500000| Complete 
|  68|0x000000008e600000, 0x000000008e700000, 0x000000008e700000|100%| E|CS|TAMS 0x000000008e600000| PB 0x000000008e600000| Complete 
|  69|0x000000008e700000, 0x000000008e800000, 0x000000008e800000|100%| E|CS|TAMS 0x000000008e700000| PB 0x000000008e700000| Complete 
|  70|0x000000008e800000, 0x000000008e900000, 0x000000008e900000|100%| E|CS|TAMS 0x000000008e800000| PB 0x000000008e800000| Complete 
|  71|0x000000008e900000, 0x000000008ea00000, 0x000000008ea00000|100%| E|CS|TAMS 0x000000008e900000| PB 0x000000008e900000| Complete 
|  72|0x000000008ea00000, 0x000000008eb00000, 0x000000008eb00000|100%| E|CS|TAMS 0x000000008ea00000| PB 0x000000008ea00000| Complete 
|  73|0x000000008eb00000, 0x000000008ec00000, 0x000000008ec00000|100%| E|CS|TAMS 0x000000008eb00000| PB 0x000000008eb00000| Complete 
|  74|0x000000008ec00000, 0x000000008ed00000, 0x000000008ed00000|100%| E|CS|TAMS 0x000000008ec00000| PB 0x000000008ec00000| Complete 
|  75|0x000000008ed00000, 0x000000008ee00000, 0x000000008ee00000|100%| E|CS|TAMS 0x000000008ed00000| PB 0x000000008ed00000| Complete 
|  76|0x000000008ee00000, 0x000000008ef00000, 0x000000008ef00000|100%| E|CS|TAMS 0x000000008ee00000| PB 0x000000008ee00000| Complete 
|  77|0x000000008ef00000, 0x000000008f000000, 0x000000008f000000|100%| E|CS|TAMS 0x000000008ef00000| PB 0x000000008ef00000| Complete 
|  78|0x000000008f000000, 0x000000008f100000, 0x000000008f100000|100%| E|CS|TAMS 0x000000008f000000| PB 0x000000008f000000| Complete 
|  79|0x000000008f100000, 0x000000008f200000, 0x000000008f200000|100%| E|CS|TAMS 0x000000008f100000| PB 0x000000008f100000| Complete 
|  80|0x000000008f200000, 0x000000008f300000, 0x000000008f300000|100%| E|CS|TAMS 0x000000008f200000| PB 0x000000008f200000| Complete 
|  81|0x000000008f300000, 0x000000008f400000, 0x000000008f400000|100%| E|CS|TAMS 0x000000008f300000| PB 0x000000008f300000| Complete 
|  82|0x000000008f400000, 0x000000008f500000, 0x000000008f500000|100%| E|CS|TAMS 0x000000008f400000| PB 0x000000008f400000| Complete 
|  83|0x000000008f500000, 0x000000008f600000, 0x000000008f600000|100%| E|CS|TAMS 0x000000008f500000| PB 0x000000008f500000| Complete 
|  84|0x000000008f600000, 0x000000008f700000, 0x000000008f700000|100%| E|CS|TAMS 0x000000008f600000| PB 0x000000008f600000| Complete 
|  85|0x000000008f700000, 0x000000008f800000, 0x000000008f800000|100%| E|CS|TAMS 0x000000008f700000| PB 0x000000008f700000| Complete 
|  86|0x000000008f800000, 0x000000008f900000, 0x000000008f900000|100%| E|CS|TAMS 0x000000008f800000| PB 0x000000008f800000| Complete 
|  87|0x000000008f900000, 0x000000008fa00000, 0x000000008fa00000|100%| E|CS|TAMS 0x000000008f900000| PB 0x000000008f900000| Complete 
|  88|0x000000008fa00000, 0x000000008fb00000, 0x000000008fb00000|100%| E|CS|TAMS 0x000000008fa00000| PB 0x000000008fa00000| Complete 
|  89|0x000000008fb00000, 0x000000008fc00000, 0x000000008fc00000|100%| E|CS|TAMS 0x000000008fb00000| PB 0x000000008fb00000| Complete 
|  90|0x000000008fc00000, 0x000000008fd00000, 0x000000008fd00000|100%| E|CS|TAMS 0x000000008fc00000| PB 0x000000008fc00000| Complete 
|  91|0x000000008fd00000, 0x000000008fe00000, 0x000000008fe00000|100%| E|CS|TAMS 0x000000008fd00000| PB 0x000000008fd00000| Complete 
|  92|0x000000008fe00000, 0x000000008ff00000, 0x000000008ff00000|100%| E|CS|TAMS 0x000000008fe00000| PB 0x000000008fe00000| Complete 
|  93|0x000000008ff00000, 0x0000000090000000, 0x0000000090000000|100%| E|CS|TAMS 0x000000008ff00000| PB 0x000000008ff00000| Complete 

Card table byte_map: [0x000002c974880000,0x000002c974c30000] _byte_map_base: 0x000002c97442f000

Marking Bits: (CMBitMap*) 0x000002c96d3d07d0
 Bits: [0x000002c974c30000, 0x000002c9769a8000)

Polling page: 0x000002c96b2c0000

Metaspace:

Usage:
  Non-class:     74.22 MB used.
      Class:     11.24 MB used.
       Both:     85.46 MB used.

Virtual space:
  Non-class space:      128.00 MB reserved,      74.62 MB ( 58%) committed,  2 nodes.
      Class space:        1.00 GB reserved,      11.62 MB (  1%) committed,  1 nodes.
             Both:        1.12 GB reserved,      86.25 MB (  7%) committed. 

Chunk freelists:
   Non-Class:  5.38 MB
       Class:  4.44 MB
        Both:  9.82 MB

MaxMetaspaceSize: unlimited
CompressedClassSpaceSize: 1.00 GB
Initial GC threshold: 21.00 MB
Current GC threshold: 143.38 MB
CDS: off
 - commit_granule_bytes: 65536.
 - commit_granule_words: 8192.
 - virtual_space_node_default_size: 8388608.
 - enlarge_chunks_in_place: 1.
 - use_allocation_guard: 0.


Internal statistics:

num_allocs_failed_limit: 9.
num_arena_births: 1656.
num_arena_deaths: 756.
num_vsnodes_births: 3.
num_vsnodes_deaths: 0.
num_space_committed: 1380.
num_space_uncommitted: 0.
num_chunks_returned_to_freelist: 870.
num_chunks_taken_from_freelist: 4984.
num_chunk_merges: 177.
num_chunk_splits: 3100.
num_chunks_enlarged: 2390.
num_inconsistent_stats: 0.

CodeCache: size=49152Kb used=18996Kb max_used=20627Kb free=30155Kb
 bounds [0x000002c970e70000, 0x000002c9722a0000, 0x000002c973e70000]
 total_blobs=10123 nmethods=9365 adapters=680
 compilation: enabled
              stopped_count=0, restarted_count=0
 full_count=0

Compilation events (20 events):
Event: 2701.733 Thread 0x000002c979ae9ed0 12825       1       java.io.ObjectInputStream$BlockDataInputStream::read (62 bytes)
Event: 2701.733 Thread 0x000002c906390690 12826       1       java.io.ObjectInputStream$PeekInputStream::read (47 bytes)
Event: 2701.733 Thread 0x000002c979ae9ed0 nmethod 12825 0x000002c97215c110 code [0x000002c97215c2e0, 0x000002c97215c4c0]
Event: 2701.733 Thread 0x000002c906390690 nmethod 12826 0x000002c97215bd90 code [0x000002c97215bf40, 0x000002c97215c0a0]
Event: 2701.733 Thread 0x000002c979ae9ed0 12827       1       java.io.ObjectInputStream$PeekInputStream::peek (49 bytes)
Event: 2701.733 Thread 0x000002c906390690 12823       1       jdk.internal.reflect.ClassFileAssembler::getStack (5 bytes)
Event: 2701.733 Thread 0x000002c906390690 nmethod 12823 0x000002c971ad1c90 code [0x000002c971ad1e20, 0x000002c971ad1ee8]
Event: 2701.733 Thread 0x000002c906390690 12829       1       java.io.ObjectInputStream$BlockDataInputStream::setBlockDataMode (74 bytes)
Event: 2701.733 Thread 0x000002c979ae9ed0 nmethod 12827 0x000002c97215ba10 code [0x000002c97215bbc0, 0x000002c97215bd18]
Event: 2701.733 Thread 0x000002c979ae9ed0 12830       1       java.io.ObjectInputStream$BlockDataInputStream::readByte (20 bytes)
Event: 2701.734 Thread 0x000002c906390690 nmethod 12829 0x000002c97215b590 code [0x000002c97215b740, 0x000002c97215b930]
Event: 2701.734 Thread 0x000002c979ae9ed0 nmethod 12830 0x000002c97215b190 code [0x000002c97215b340, 0x000002c97215b4d8]
Event: 2701.734 Thread 0x000002c906390690 12832       1       java.io.ObjectStreamField::isUnshared (5 bytes)
Event: 2701.734 Thread 0x000002c979ae9ed0 12819       1       java.io.ObjectInputStream$FilterValues::depth (5 bytes)
Event: 2701.734 Thread 0x000002c979ae9ed0 nmethod 12819 0x000002c971b31d10 code [0x000002c971b31ea0, 0x000002c971b31f68]
Event: 2701.734 Thread 0x000002c979ae9ed0 12831       1       java.lang.ClassValue$Version::promise (5 bytes)
Event: 2701.734 Thread 0x000002c979ae9ed0 nmethod 12831 0x000002c971c28710 code [0x000002c971c288a0, 0x000002c971c28968]
Event: 2701.734 Thread 0x000002c906390690 nmethod 12832 0x000002c971ca4b10 code [0x000002c971ca4ca0, 0x000002c971ca4d70]
Event: 2701.734 Thread 0x000002c979ae9ed0 12833       1       java.io.ObjectOutputStream$BlockDataOutputStream::writeByte (33 bytes)
Event: 2701.734 Thread 0x000002c979ae9ed0 nmethod 12833 0x000002c97215ad90 code [0x000002c97215af40, 0x000002c97215b080]

GC Heap History (20 events):
Event: 2023.056 GC heap after
{Heap after GC invocations=49 (full 5):
 garbage-first heap   total 99328K, used 30724K [0x000000008a200000, 0x0000000100000000)
  region size 1024K, 5 young (5120K), 5 survivors (5120K)
 Metaspace       used 80844K, committed 81472K, reserved 1179648K
  class space    used 10599K, committed 10880K, reserved 1048576K
}
Event: 2040.268 GC heap before
{Heap before GC invocations=50 (full 5):
 garbage-first heap   total 99328K, used 62468K [0x000000008a200000, 0x0000000100000000)
  region size 1024K, 35 young (35840K), 5 survivors (5120K)
 Metaspace       used 81026K, committed 81664K, reserved 1179648K
  class space    used 10589K, committed 10880K, reserved 1048576K
}
Event: 2040.340 GC heap after
{Heap after GC invocations=51 (full 6):
 garbage-first heap   total 96256K, used 25794K [0x000000008a200000, 0x0000000100000000)
  region size 1024K, 0 young (0K), 0 survivors (0K)
 Metaspace       used 81021K, committed 81664K, reserved 1179648K
  class space    used 10588K, committed 10880K, reserved 1048576K
}
Event: 2041.421 GC heap before
{Heap before GC invocations=51 (full 6):
 garbage-first heap   total 96256K, used 78018K [0x000000008a200000, 0x0000000100000000)
  region size 1024K, 52 young (53248K), 0 survivors (0K)
 Metaspace       used 81150K, committed 81728K, reserved 1179648K
  class space    used 10611K, committed 10880K, reserved 1048576K
}
Event: 2041.427 GC heap after
{Heap after GC invocations=52 (full 6):
 garbage-first heap   total 96256K, used 30627K [0x000000008a200000, 0x0000000100000000)
  region size 1024K, 5 young (5120K), 5 survivors (5120K)
 Metaspace       used 81150K, committed 81728K, reserved 1179648K
  class space    used 10611K, committed 10880K, reserved 1048576K
}
Event: 2069.577 GC heap before
{Heap before GC invocations=53 (full 6):
 garbage-first heap   total 96256K, used 81827K [0x000000008a200000, 0x0000000100000000)
  region size 1024K, 53 young (54272K), 5 survivors (5120K)
 Metaspace       used 81499K, committed 82176K, reserved 1179648K
  class space    used 10650K, committed 10944K, reserved 1048576K
}
Event: 2069.585 GC heap after
{Heap after GC invocations=54 (full 6):
 garbage-first heap   total 96256K, used 32599K [0x000000008a200000, 0x0000000100000000)
  region size 1024K, 4 young (4096K), 4 survivors (4096K)
 Metaspace       used 81499K, committed 82176K, reserved 1179648K
  class space    used 10650K, committed 10944K, reserved 1048576K
}
Event: 2071.043 GC heap before
{Heap before GC invocations=54 (full 6):
 garbage-first heap   total 96256K, used 81751K [0x000000008a200000, 0x0000000100000000)
  region size 1024K, 51 young (52224K), 4 survivors (4096K)
 Metaspace       used 81825K, committed 82432K, reserved 1179648K
  class space    used 10675K, committed 10944K, reserved 1048576K
}
Event: 2071.053 GC heap after
{Heap after GC invocations=55 (full 6):
 garbage-first heap   total 96256K, used 36409K [0x000000008a200000, 0x0000000100000000)
  region size 1024K, 3 young (3072K), 3 survivors (3072K)
 Metaspace       used 81825K, committed 82432K, reserved 1179648K
  class space    used 10675K, committed 10944K, reserved 1048576K
}
Event: 2175.492 GC heap before
{Heap before GC invocations=55 (full 6):
 garbage-first heap   total 96256K, used 81465K [0x000000008a200000, 0x0000000100000000)
  region size 1024K, 48 young (49152K), 3 survivors (3072K)
 Metaspace       used 84432K, committed 85120K, reserved 1179648K
  class space    used 11049K, committed 11328K, reserved 1048576K
}
Event: 2175.501 GC heap after
{Heap after GC invocations=56 (full 6):
 garbage-first heap   total 96256K, used 37329K [0x000000008a200000, 0x0000000100000000)
  region size 1024K, 4 young (4096K), 4 survivors (4096K)
 Metaspace       used 84432K, committed 85120K, reserved 1179648K
  class space    used 11049K, committed 11328K, reserved 1048576K
}
Event: 2236.097 GC heap before
{Heap before GC invocations=57 (full 6):
 garbage-first heap   total 96256K, used 82385K [0x000000008a200000, 0x0000000100000000)
  region size 1024K, 49 young (50176K), 4 survivors (4096K)
 Metaspace       used 86895K, committed 87616K, reserved 1179648K
  class space    used 11425K, committed 11776K, reserved 1048576K
}
Event: 2236.146 GC heap after
{Heap after GC invocations=58 (full 6):
 garbage-first heap   total 96256K, used 39336K [0x000000008a200000, 0x0000000100000000)
  region size 1024K, 3 young (3072K), 3 survivors (3072K)
 Metaspace       used 86895K, committed 87616K, reserved 1179648K
  class space    used 11425K, committed 11776K, reserved 1048576K
}
Event: 2426.903 GC heap before
{Heap before GC invocations=58 (full 6):
 garbage-first heap   total 96256K, used 84392K [0x000000008a200000, 0x0000000100000000)
  region size 1024K, 47 young (48128K), 3 survivors (3072K)
 Metaspace       used 87069K, committed 87808K, reserved 1179648K
  class space    used 11447K, committed 11776K, reserved 1048576K
}
Event: 2426.910 GC heap after
{Heap after GC invocations=59 (full 6):
 garbage-first heap   total 96256K, used 37312K [0x000000008a200000, 0x0000000100000000)
  region size 1024K, 3 young (3072K), 3 survivors (3072K)
 Metaspace       used 87069K, committed 87808K, reserved 1179648K
  class space    used 11447K, committed 11776K, reserved 1048576K
}
Event: 2432.130 GC heap before
{Heap before GC invocations=59 (full 6):
 garbage-first heap   total 96256K, used 39360K [0x000000008a200000, 0x0000000100000000)
  region size 1024K, 6 young (6144K), 3 survivors (3072K)
 Metaspace       used 87085K, committed 87808K, reserved 1179648K
  class space    used 11448K, committed 11776K, reserved 1048576K
}
Event: 2432.198 GC heap after
{Heap after GC invocations=60 (full 7):
 garbage-first heap   total 96256K, used 27210K [0x000000008a200000, 0x0000000100000000)
  region size 1024K, 0 young (0K), 0 survivors (0K)
 Metaspace       used 87023K, committed 87808K, reserved 1179648K
  class space    used 11434K, committed 11776K, reserved 1048576K
}
Event: 2433.335 GC heap before
{Heap before GC invocations=60 (full 7):
 garbage-first heap   total 96256K, used 82506K [0x000000008a200000, 0x0000000100000000)
  region size 1024K, 55 young (56320K), 0 survivors (0K)
 Metaspace       used 87295K, committed 88064K, reserved 1179648K
  class space    used 11492K, committed 11840K, reserved 1048576K
}
Event: 2433.342 GC heap after
{Heap after GC invocations=61 (full 7):
 garbage-first heap   total 96256K, used 32710K [0x000000008a200000, 0x0000000100000000)
  region size 1024K, 6 young (6144K), 6 survivors (6144K)
 Metaspace       used 87295K, committed 88064K, reserved 1179648K
  class space    used 11492K, committed 11840K, reserved 1048576K
}
Event: 2729.225 GC heap before
{Heap before GC invocations=62 (full 7):
 garbage-first heap   total 96256K, used 80838K [0x000000008a200000, 0x0000000100000000)
  region size 1024K, 53 young (54272K), 6 survivors (6144K)
 Metaspace       used 87511K, committed 88320K, reserved 1179648K
  class space    used 11508K, committed 11904K, reserved 1048576K
}

Dll operation events (12 events):
Event: 0.015 Loaded shared library C:\Users\electro fatal\Documents\sts-4.26.0.RELEASE\plugins\org.eclipse.justj.openjdk.hotspot.jre.full.win32.x86_64_21.0.4.v20240802-1551\jre\bin\java.dll
Event: 0.023 Loaded shared library C:\Users\electro fatal\Documents\sts-4.26.0.RELEASE\plugins\org.eclipse.justj.openjdk.hotspot.jre.full.win32.x86_64_21.0.4.v20240802-1551\jre\bin\zip.dll
Event: 0.426 Loaded shared library C:\Users\electro fatal\Documents\sts-4.26.0.RELEASE\plugins\org.eclipse.justj.openjdk.hotspot.jre.full.win32.x86_64_21.0.4.v20240802-1551\jre\bin\instrument.dll
Event: 0.453 Loaded shared library C:\Users\electro fatal\Documents\sts-4.26.0.RELEASE\plugins\org.eclipse.justj.openjdk.hotspot.jre.full.win32.x86_64_21.0.4.v20240802-1551\jre\bin\net.dll
Event: 0.455 Loaded shared library C:\Users\electro fatal\Documents\sts-4.26.0.RELEASE\plugins\org.eclipse.justj.openjdk.hotspot.jre.full.win32.x86_64_21.0.4.v20240802-1551\jre\bin\nio.dll
Event: 0.469 Loaded shared library C:\Users\electro fatal\Documents\sts-4.26.0.RELEASE\plugins\org.eclipse.justj.openjdk.hotspot.jre.full.win32.x86_64_21.0.4.v20240802-1551\jre\bin\zip.dll
Event: 0.748 Loaded shared library C:\Users\electro fatal\Documents\sts-4.26.0.RELEASE\plugins\org.eclipse.justj.openjdk.hotspot.jre.full.win32.x86_64_21.0.4.v20240802-1551\jre\bin\jimage.dll
Event: 0.843 Loaded shared library C:\Users\electro fatal\Documents\sts-4.26.0.RELEASE\plugins\org.eclipse.justj.openjdk.hotspot.jre.full.win32.x86_64_21.0.4.v20240802-1551\jre\bin\management.dll
Event: 0.865 Loaded shared library C:\Users\electro fatal\Documents\sts-4.26.0.RELEASE\plugins\org.eclipse.justj.openjdk.hotspot.jre.full.win32.x86_64_21.0.4.v20240802-1551\jre\bin\management_ext.dll
Event: 1.257 Loaded shared library C:\Users\electro fatal\Documents\sts-4.26.0.RELEASE\plugins\org.eclipse.justj.openjdk.hotspot.jre.full.win32.x86_64_21.0.4.v20240802-1551\jre\bin\extnet.dll
Event: 1.300 Loaded shared library C:\Users\electro fatal\Documents\sts-4.26.0.RELEASE\plugins\org.eclipse.justj.openjdk.hotspot.jre.full.win32.x86_64_21.0.4.v20240802-1551\jre\bin\verify.dll
Event: 3.081 Loaded shared library C:\Users\electro fatal\Documents\sts-4.26.0.RELEASE\plugins\org.eclipse.justj.openjdk.hotspot.jre.full.win32.x86_64_21.0.4.v20240802-1551\jre\bin\sunmscapi.dll

Deoptimization events (20 events):
Event: 2701.730 Thread 0x000002c97ee232d0 DEOPT PACKING pc=0x000002c971da97cc sp=0x000000cb01ffd9c0
Event: 2701.730 Thread 0x000002c97ee232d0 DEOPT UNPACKING pc=0x000002c970ec4e42 sp=0x000000cb01ffcf28 mode 1
Event: 2701.730 Thread 0x000002c97ee232d0 DEOPT PACKING pc=0x000002c971da97cc sp=0x000000cb01ffd9c0
Event: 2701.730 Thread 0x000002c97ee232d0 DEOPT UNPACKING pc=0x000002c970ec4e42 sp=0x000000cb01ffcf28 mode 1
Event: 2701.731 Thread 0x000002c97ee232d0 DEOPT PACKING pc=0x000002c971bfccf4 sp=0x000000cb01ffd500
Event: 2701.731 Thread 0x000002c97ee232d0 DEOPT UNPACKING pc=0x000002c970ec4e42 sp=0x000000cb01ffca68 mode 1
Event: 2701.733 Thread 0x000002c97ee232d0 DEOPT PACKING pc=0x000002c971da97cc sp=0x000000cb01ffd570
Event: 2701.733 Thread 0x000002c97ee232d0 DEOPT UNPACKING pc=0x000002c970ec4e42 sp=0x000000cb01ffcad8 mode 1
Event: 2701.733 Thread 0x000002c97ee232d0 DEOPT PACKING pc=0x000002c971da97cc sp=0x000000cb01ffd570
Event: 2701.733 Thread 0x000002c97ee232d0 DEOPT UNPACKING pc=0x000002c970ec4e42 sp=0x000000cb01ffcad8 mode 1
Event: 2701.733 Thread 0x000002c97ee232d0 DEOPT PACKING pc=0x000002c971da97cc sp=0x000000cb01ffd570
Event: 2701.733 Thread 0x000002c97ee232d0 DEOPT UNPACKING pc=0x000002c970ec4e42 sp=0x000000cb01ffcad8 mode 1
Event: 2701.733 Thread 0x000002c97ee232d0 DEOPT PACKING pc=0x000002c971da97cc sp=0x000000cb01ffd570
Event: 2701.733 Thread 0x000002c97ee232d0 DEOPT UNPACKING pc=0x000002c970ec4e42 sp=0x000000cb01ffcad8 mode 1
Event: 2701.733 Thread 0x000002c97ee232d0 DEOPT PACKING pc=0x000002c971da97cc sp=0x000000cb01ffd570
Event: 2701.733 Thread 0x000002c97ee232d0 DEOPT UNPACKING pc=0x000002c970ec4e42 sp=0x000000cb01ffcad8 mode 1
Event: 2701.733 Thread 0x000002c97ee232d0 DEOPT PACKING pc=0x000002c971da97cc sp=0x000000cb01ffd570
Event: 2701.733 Thread 0x000002c97ee232d0 DEOPT UNPACKING pc=0x000002c970ec4e42 sp=0x000000cb01ffcad8 mode 1
Event: 2701.733 Thread 0x000002c97ee232d0 DEOPT PACKING pc=0x000002c971da97cc sp=0x000000cb01ffd570
Event: 2701.733 Thread 0x000002c97ee232d0 DEOPT UNPACKING pc=0x000002c970ec4e42 sp=0x000000cb01ffcad8 mode 1

Classes loaded (20 events):
Event: 2187.918 Loading class java/util/function/IntBinaryOperator
Event: 2187.918 Loading class java/util/function/IntBinaryOperator done
Event: 2187.919 Loading class java/util/stream/ReduceOps$7
Event: 2187.919 Loading class java/util/stream/ReduceOps$7 done
Event: 2187.920 Loading class java/util/stream/ReduceOps$6ReducingSink
Event: 2187.920 Loading class java/util/stream/ReduceOps$6ReducingSink done
Event: 2187.920 Loading class java/util/stream/ReferencePipeline$4$1
Event: 2187.920 Loading class java/util/stream/ReferencePipeline$4$1 done
Event: 2187.935 Loading class java/io/PrintWriter$1
Event: 2187.935 Loading class jdk/internal/access/JavaIOPrintWriterAccess
Event: 2187.936 Loading class jdk/internal/access/JavaIOPrintWriterAccess done
Event: 2187.936 Loading class java/io/PrintWriter$1 done
Event: 2187.936 Loading class java/lang/Throwable$WrappedPrintWriter
Event: 2187.936 Loading class java/lang/Throwable$WrappedPrintWriter done
Event: 2193.014 Loading class java/util/concurrent/locks/ReentrantReadWriteLock$Sync$HoldCounter
Event: 2193.014 Loading class java/util/concurrent/atomic/Striped64$Cell
Event: 2193.015 Loading class java/util/concurrent/locks/ReentrantReadWriteLock$Sync$HoldCounter done
Event: 2193.015 Loading class java/util/concurrent/atomic/Striped64$Cell done
Event: 2433.179 Loading class java/text/FieldPosition$Delegate
Event: 2433.180 Loading class java/text/FieldPosition$Delegate done

Classes unloaded (20 events):
Event: 2432.147 Thread 0x000002c979a891a0 Unloading class 0x0000000100b58800 'java/lang/invoke/LambdaForm$MH+0x0000000100b58800'
Event: 2432.147 Thread 0x000002c979a891a0 Unloading class 0x0000000100b44000 'java/lang/invoke/LambdaForm$MH+0x0000000100b44000'
Event: 2432.147 Thread 0x000002c979a891a0 Unloading class 0x0000000100b3cc00 'java/lang/invoke/LambdaForm$MH+0x0000000100b3cc00'
Event: 2432.147 Thread 0x000002c979a891a0 Unloading class 0x0000000100b3c000 'java/lang/invoke/LambdaForm$MH+0x0000000100b3c000'
Event: 2432.147 Thread 0x000002c979a891a0 Unloading class 0x0000000100aae800 'java/lang/invoke/LambdaForm$MH+0x0000000100aae800'
Event: 2432.147 Thread 0x000002c979a891a0 Unloading class 0x0000000100aae400 'java/lang/invoke/LambdaForm$MH+0x0000000100aae400'
Event: 2432.147 Thread 0x000002c979a891a0 Unloading class 0x0000000100aae000 'java/lang/invoke/LambdaForm$MH+0x0000000100aae000'
Event: 2432.147 Thread 0x000002c979a891a0 Unloading class 0x0000000100aac800 'jdk/internal/reflect/GeneratedSerializationConstructorAccessor27'
Event: 2432.147 Thread 0x000002c979a891a0 Unloading class 0x0000000100aac400 'jdk/internal/reflect/GeneratedSerializationConstructorAccessor26'
Event: 2432.147 Thread 0x000002c979a891a0 Unloading class 0x0000000100aac000 'jdk/internal/reflect/GeneratedSerializationConstructorAccessor25'
Event: 2432.147 Thread 0x000002c979a891a0 Unloading class 0x0000000100aa5800 'java/lang/invoke/LambdaForm$MH+0x0000000100aa5800'
Event: 2432.147 Thread 0x000002c979a891a0 Unloading class 0x0000000100aa5400 'java/lang/invoke/LambdaForm$MH+0x0000000100aa5400'
Event: 2432.147 Thread 0x000002c979a891a0 Unloading class 0x0000000100aa5000 'java/lang/invoke/LambdaForm$MH+0x0000000100aa5000'
Event: 2432.147 Thread 0x000002c979a891a0 Unloading class 0x0000000100aa4800 'java/lang/invoke/LambdaForm$MH+0x0000000100aa4800'
Event: 2432.147 Thread 0x000002c979a891a0 Unloading class 0x0000000100aa4400 'java/lang/invoke/LambdaForm$MH+0x0000000100aa4400'
Event: 2432.147 Thread 0x000002c979a891a0 Unloading class 0x000000010043e800 'org/apache/catalina/loader/JdbcLeakPrevention'
Event: 2432.147 Thread 0x000002c979a891a0 Unloading class 0x00000001002a1c00 'java/lang/invoke/LambdaForm$MH+0x00000001002a1c00'
Event: 2432.147 Thread 0x000002c979a891a0 Unloading class 0x000000010041c800 'java/lang/invoke/LambdaForm$DMH+0x000000010041c800'
Event: 2432.147 Thread 0x000002c979a891a0 Unloading class 0x00000001004b8000 'java/lang/invoke/LambdaForm$MH+0x00000001004b8000'
Event: 2432.147 Thread 0x000002c979a891a0 Unloading class 0x00000001004de400 'java/lang/invoke/LambdaForm$MH+0x00000001004de400'

Classes redefined (13 events):
Event: 2020.541 Thread 0x000002c979a891a0 redefined class name=com.oumaima.controllers.RecruiterController, count=1
Event: 2020.541 Thread 0x000002c979a891a0 redefined class name=com.oumaima.controllers.RecruiterController, count=1
Event: 2020.541 Thread 0x000002c979a891a0 redefined class name=com.oumaima.controllers.RecruiterController, count=1
Event: 2020.541 Thread 0x000002c979a891a0 redefined class name=com.oumaima.controllers.RecruiterController, count=1
Event: 2020.541 Thread 0x000002c979a891a0 redefined class name=com.oumaima.controllers.RecruiterController, count=1
Event: 2431.093 Thread 0x000002c979a891a0 redefined class name=com.oumaima.controllers.JobOfferController, count=1
Event: 2431.093 Thread 0x000002c979a891a0 redefined class name=com.oumaima.controllers.JobOfferController, count=1
Event: 2431.093 Thread 0x000002c979a891a0 redefined class name=com.oumaima.controllers.JobOfferController, count=1
Event: 2431.093 Thread 0x000002c979a891a0 redefined class name=com.oumaima.controllers.JobOfferController, count=1
Event: 2431.093 Thread 0x000002c979a891a0 redefined class name=com.oumaima.controllers.JobOfferController, count=1
Event: 2431.093 Thread 0x000002c979a891a0 redefined class name=com.oumaima.controllers.JobOfferController, count=1
Event: 2431.093 Thread 0x000002c979a891a0 redefined class name=com.oumaima.controllers.JobOfferController, count=1
Event: 2431.093 Thread 0x000002c979a891a0 redefined class name=com.oumaima.controllers.JobOfferController, count=1

Internal exceptions (20 events):
Event: 2187.983 Thread 0x000002c97f838af0 Exception <a 'java/io/IOException'{0x000000008e36ae28}> (0x000000008e36ae28) 
thrown [s\src\hotspot\share\prims\jni.cpp, line 520]
Event: 2192.733 Thread 0x000002c9015e2f00 Exception <a 'sun/nio/fs/WindowsException'{0x000000008e25e2f8}> (0x000000008e25e2f8) 
thrown [s\src\hotspot\share\prims\jni.cpp, line 520]
Event: 2247.058 Thread 0x000002c9015e5cf0 Exception <a 'java/lang/IncompatibleClassChangeError'{0x000000008fd96d68}: Found class java.lang.Object, but interface was expected> (0x000000008fd96d68) 
thrown [s\src\hotspot\share\interpreter\linkResolver.cpp, line 840]
Event: 2312.823 Thread 0x000002c9015e5cf0 Exception <a 'sun/nio/fs/WindowsException'{0x000000008ef480a0}> (0x000000008ef480a0) 
thrown [s\src\hotspot\share\prims\jni.cpp, line 520]
Event: 2401.728 Thread 0x000002c97ee232d0 Exception <a 'java/lang/NoSuchMethodError'{0x000000008d880200}: static [B.<clinit>()V> (0x000000008d880200) 
thrown [s\src\hotspot\share\prims\jni.cpp, line 1111]
Event: 2432.129 Thread 0x000002c9015e4fd0 Exception <a 'java/lang/InterruptedException'{0x000000008fd5fae0}: sleep interrupted> (0x000000008fd5fae0) 
thrown [s\src\hotspot\share\prims\jvm.cpp, line 3074]
Event: 2432.224 Thread 0x000002c97f836a20 Exception <a 'sun/nio/fs/WindowsException'{0x000000008ffb5040}> (0x000000008ffb5040) 
thrown [s\src\hotspot\share\prims\jni.cpp, line 520]
Event: 2432.854 Thread 0x000002c97f836a20 Exception <a 'java/lang/NoClassDefFoundError'{0x000000008e20faf8}: org/flywaydb/core/Flyway> (0x000000008e20faf8) 
thrown [s\src\hotspot\share\oops\constantPool.cpp, line 873]
Event: 2432.856 Thread 0x000002c97f836a20 Exception <a 'java/lang/NoClassDefFoundError'{0x000000008e210158}: liquibase/integration/spring/SpringLiquibase> (0x000000008e210158) 
thrown [s\src\hotspot\share\oops\constantPool.cpp, line 873]
Event: 2432.861 Thread 0x000002c97f836a20 Exception <a 'java/lang/NoClassDefFoundError'{0x000000008e241d30}: org/jooq/DSLContext> (0x000000008e241d30) 
thrown [s\src\hotspot\share\oops\constantPool.cpp, line 873]
Event: 2432.869 Thread 0x000002c97f836a20 Exception <a 'java/lang/NoClassDefFoundError'{0x000000008e2a0858}: org/springframework/batch/core/repository/JobRepository> (0x000000008e2a0858) 
thrown [s\src\hotspot\share\oops\constantPool.cpp, line 873]
Event: 2432.871 Thread 0x000002c97f836a20 Exception <a 'java/lang/NoClassDefFoundError'{0x000000008e2a0eb0}: org/quartz/Scheduler> (0x000000008e2a0eb0) 
thrown [s\src\hotspot\share\oops\constantPool.cpp, line 873]
Event: 2432.872 Thread 0x000002c97f836a20 Exception <a 'java/lang/NoClassDefFoundError'{0x000000008e2a1530}: org/springframework/session/jdbc/JdbcIndexedSessionRepository> (0x000000008e2a1530) 
thrown [s\src\hotspot\share\oops\constantPool.cpp, line 873]
Event: 2432.886 Thread 0x000002c97f836a20 Exception <a 'java/lang/NoSuchMethodError'{0x000000008e13b280}: 'void java.lang.invoke.DelegatingMethodHandle$Holder.reinvoke_L(java.lang.Object, java.lang.Object, int)'> (0x000000008e13b280) 
thrown [s\src\hotspot\share\interpreter\linkResolver.cpp, line 773]
Event: 2433.018 Thread 0x000002c97f836a20 Exception <a 'java/lang/NoSuchMethodError'{0x000000008da229f0}: 'int java.lang.invoke.DirectMethodHandle$Holder.invokeVirtual(java.lang.Object, java.lang.Object, java.lang.Object, java.lang.Object)'> (0x000000008da229f0) 
thrown [s\src\hotspot\share\interpreter\linkResolver.cpp, line 773]
Event: 2433.018 Thread 0x000002c97f836a20 Exception <a 'java/lang/NoSuchMethodError'{0x000000008da26000}: 'int java.lang.invoke.DelegatingMethodHandle$Holder.reinvoke_L(java.lang.Object, java.lang.Object, java.lang.Object, java.lang.Object)'> (0x000000008da26000) 
thrown [s\src\hotspot\share\interpreter\linkResolver.cpp, line 773]
Event: 2433.028 Thread 0x000002c97f836a20 Exception <a 'java/io/FileNotFoundException'{0x000000008da74bb8}> (0x000000008da74bb8) 
thrown [s\src\hotspot\share\prims\jni.cpp, line 520]
Event: 2433.080 Thread 0x000002c97f836a20 Exception <a 'java/io/FileNotFoundException'{0x000000008d889440}> (0x000000008d889440) 
thrown [s\src\hotspot\share\prims\jni.cpp, line 520]
Event: 2433.182 Thread 0x000002c97f836a20 Exception <a 'sun/nio/fs/WindowsException'{0x000000008d281948}> (0x000000008d281948) 
thrown [s\src\hotspot\share\prims\jni.cpp, line 520]
Event: 2701.734 Thread 0x000002c97ee232d0 Exception <a 'java/lang/NoSuchMethodError'{0x000000008d4beb00}: static [B.<clinit>()V> (0x000000008d4beb00) 
thrown [s\src\hotspot\share\prims\jni.cpp, line 1111]

ZGC Phase Switch (0 events):
No events

VM Operations (20 events):
Event: 2439.097 Executing VM operation: get/set locals done
Event: 2439.098 Executing VM operation: get/set locals
Event: 2439.099 Executing VM operation: get/set locals done
Event: 2439.100 Executing VM operation: get/set locals
Event: 2439.100 Executing VM operation: get/set locals done
Event: 2439.102 Executing VM operation: get/set locals
Event: 2439.102 Executing VM operation: get/set locals done
Event: 2463.342 Executing VM operation: Cleanup
Event: 2463.342 Executing VM operation: Cleanup done
Event: 2465.325 Executing VM operation: HandshakeAllThreads (HandshakeForDeflation)
Event: 2465.325 Executing VM operation: HandshakeAllThreads (HandshakeForDeflation) done
Event: 2465.325 Executing VM operation: RendezvousGCThreads
Event: 2465.325 Executing VM operation: RendezvousGCThreads done
Event: 2470.953 Executing VM operation: ChangeSingleStep
Event: 2470.954 Executing VM operation: ChangeSingleStep done
Event: 2470.955 Executing VM operation: ChangeSingleStep
Event: 2470.955 Executing VM operation: ChangeSingleStep done
Event: 2523.445 Executing VM operation: Cleanup
Event: 2523.445 Executing VM operation: Cleanup done
Event: 2729.225 Executing VM operation: G1CollectForAllocation (G1 Evacuation Pause)

Memory protections (0 events):
No events

Nmethod flushes (20 events):
Event: 2433.376 Thread 0x000002c979a891a0 flushing  nmethod 0x000002c971268d10
Event: 2433.376 Thread 0x000002c979a891a0 flushing  nmethod 0x000002c971500a90
Event: 2433.376 Thread 0x000002c979a891a0 flushing  nmethod 0x000002c971657c90
Event: 2433.376 Thread 0x000002c979a891a0 flushing  nmethod 0x000002c9716f8390
Event: 2433.376 Thread 0x000002c979a891a0 flushing  nmethod 0x000002c971924990
Event: 2433.376 Thread 0x000002c979a891a0 flushing  nmethod 0x000002c971927e10
Event: 2433.376 Thread 0x000002c979a891a0 flushing  nmethod 0x000002c9719dab10
Event: 2433.376 Thread 0x000002c979a891a0 flushing  nmethod 0x000002c971cf9090
Event: 2433.376 Thread 0x000002c979a891a0 flushing  nmethod 0x000002c971d99390
Event: 2433.376 Thread 0x000002c979a891a0 flushing  nmethod 0x000002c97121db10
Event: 2433.376 Thread 0x000002c979a891a0 flushing  nmethod 0x000002c97121fc10
Event: 2433.376 Thread 0x000002c979a891a0 flushing  nmethod 0x000002c971220a10
Event: 2433.376 Thread 0x000002c979a891a0 flushing  nmethod 0x000002c971387390
Event: 2433.376 Thread 0x000002c979a891a0 flushing  nmethod 0x000002c97157b310
Event: 2433.376 Thread 0x000002c979a891a0 flushing  nmethod 0x000002c9717bb390
Event: 2433.376 Thread 0x000002c979a891a0 flushing  nmethod 0x000002c97187b110
Event: 2433.376 Thread 0x000002c979a891a0 flushing  nmethod 0x000002c9718d6a10
Event: 2433.376 Thread 0x000002c979a891a0 flushing  nmethod 0x000002c9718d9010
Event: 2433.376 Thread 0x000002c979a891a0 flushing  nmethod 0x000002c971a4b810
Event: 2433.376 Thread 0x000002c979a891a0 flushing  nmethod 0x000002c971ab3290

Events (20 events):
Event: 2432.199 Thread 0x000002c97f838460 Thread exited: 0x000002c97f838460
Event: 2432.199 Thread 0x000002c97f83d9b0 Thread added: 0x000002c97f836a20
Event: 2432.266 Thread 0x000002c979ae9ed0 Thread added: 0x000002c979da5000
Event: 2432.266 Thread 0x000002c979ae9ed0 Thread added: 0x000002c9063b1ae0
Event: 2432.266 Thread 0x000002c979ae9ed0 Thread added: 0x000002c906390690
Event: 2432.315 Thread 0x000002c97f836a20 Thread added: 0x000002c97f837dd0
Event: 2432.386 Thread 0x000002c97f837dd0 Thread exited: 0x000002c97f837dd0
Event: 2433.081 Thread 0x000002c97f836a20 Thread added: 0x000002c97f838460
Event: 2433.081 Thread 0x000002c97f836a20 Thread added: 0x000002c97f83b8e0
Event: 2433.082 Thread 0x000002c97f836a20 Thread added: 0x000002c97f83d320
Event: 2433.187 Thread 0x000002c97f836a20 Thread added: 0x000002c97f837dd0
Event: 2433.299 Thread 0x000002c97f837dd0 Thread added: 0x000002c97f838af0
Event: 2438.633 Thread 0x000002c906390690 Thread exited: 0x000002c906390690
Event: 2438.680 Thread 0x000002c97f838af0 Thread exited: 0x000002c97f838af0
Event: 2443.635 Thread 0x000002c9063b1ae0 Thread exited: 0x000002c9063b1ae0
Event: 2443.635 Thread 0x000002c979da5000 Thread exited: 0x000002c979da5000
Event: 2643.226 Thread 0x000002c979ae9ed0 Thread added: 0x000002c906390690
Event: 2648.238 Thread 0x000002c906390690 Thread exited: 0x000002c906390690
Event: 2701.732 Thread 0x000002c979ae9ed0 Thread added: 0x000002c906390690
Event: 2706.747 Thread 0x000002c906390690 Thread exited: 0x000002c906390690


Dynamic libraries:
0x00007ff6ccd40000 - 0x00007ff6ccd4e000 	C:\Users\electro fatal\Documents\sts-4.26.0.RELEASE\plugins\org.eclipse.justj.openjdk.hotspot.jre.full.win32.x86_64_21.0.4.v20240802-1551\jre\bin\javaw.exe
0x00007ffad6a50000 - 0x00007ffad6c67000 	C:\WINDOWS\SYSTEM32\ntdll.dll
0x00007ffad5d80000 - 0x00007ffad5e44000 	C:\WINDOWS\System32\KERNEL32.DLL
0x00007ffad3ef0000 - 0x00007ffad42c1000 	C:\WINDOWS\System32\KERNELBASE.dll
0x00007ffad3c50000 - 0x00007ffad3d61000 	C:\WINDOWS\System32\ucrtbase.dll
0x00007ffac6eb0000 - 0x00007ffac6ec8000 	C:\Users\electro fatal\Documents\sts-4.26.0.RELEASE\plugins\org.eclipse.justj.openjdk.hotspot.jre.full.win32.x86_64_21.0.4.v20240802-1551\jre\bin\jli.dll
0x00007ffac7150000 - 0x00007ffac716b000 	C:\Users\electro fatal\Documents\sts-4.26.0.RELEASE\plugins\org.eclipse.justj.openjdk.hotspot.jre.full.win32.x86_64_21.0.4.v20240802-1551\jre\bin\VCRUNTIME140.dll
0x00007ffad4960000 - 0x00007ffad4b11000 	C:\WINDOWS\System32\USER32.dll
0x00007ffad3ec0000 - 0x00007ffad3ee6000 	C:\WINDOWS\System32\win32u.dll
0x00007ffac85a0000 - 0x00007ffac8832000 	C:\WINDOWS\WinSxS\amd64_microsoft.windows.common-controls_6595b64144ccf1df_6.0.22621.4830_none_270fe7d773858e80\COMCTL32.dll
0x00007ffad6850000 - 0x00007ffad6879000 	C:\WINDOWS\System32\GDI32.dll
0x00007ffad6900000 - 0x00007ffad69a7000 	C:\WINDOWS\System32\msvcrt.dll
0x00007ffad3d70000 - 0x00007ffad3e8b000 	C:\WINDOWS\System32\gdi32full.dll
0x00007ffad42d0000 - 0x00007ffad436a000 	C:\WINDOWS\System32\msvcp_win.dll
0x00007ffad4c40000 - 0x00007ffad4c71000 	C:\WINDOWS\System32\IMM32.DLL
0x00007ffac78a0000 - 0x00007ffac78ac000 	C:\Users\electro fatal\Documents\sts-4.26.0.RELEASE\plugins\org.eclipse.justj.openjdk.hotspot.jre.full.win32.x86_64_21.0.4.v20240802-1551\jre\bin\vcruntime140_1.dll
0x00007ffab9a60000 - 0x00007ffab9aee000 	C:\Users\electro fatal\Documents\sts-4.26.0.RELEASE\plugins\org.eclipse.justj.openjdk.hotspot.jre.full.win32.x86_64_21.0.4.v20240802-1551\jre\bin\msvcp140.dll
0x00007ffa51a80000 - 0x00007ffa52808000 	C:\Users\electro fatal\Documents\sts-4.26.0.RELEASE\plugins\org.eclipse.justj.openjdk.hotspot.jre.full.win32.x86_64_21.0.4.v20240802-1551\jre\bin\server\jvm.dll
0x00007ffad57c0000 - 0x00007ffad5871000 	C:\WINDOWS\System32\ADVAPI32.dll
0x00007ffad5cd0000 - 0x00007ffad5d77000 	C:\WINDOWS\System32\sechost.dll
0x00007ffad3e90000 - 0x00007ffad3eb8000 	C:\WINDOWS\System32\bcrypt.dll
0x00007ffad5990000 - 0x00007ffad5aa4000 	C:\WINDOWS\System32\RPCRT4.dll
0x00007ffad6880000 - 0x00007ffad68f1000 	C:\WINDOWS\System32\WS2_32.dll
0x00007ffad38b0000 - 0x00007ffad38fd000 	C:\WINDOWS\SYSTEM32\POWRPROF.dll
0x00007ffac99c0000 - 0x00007ffac99ca000 	C:\WINDOWS\SYSTEM32\VERSION.dll
0x00007ffad0ae0000 - 0x00007ffad0b14000 	C:\WINDOWS\SYSTEM32\WINMM.dll
0x00007ffad37e0000 - 0x00007ffad37f3000 	C:\WINDOWS\SYSTEM32\UMPDC.dll
0x00007ffad2be0000 - 0x00007ffad2bf8000 	C:\WINDOWS\SYSTEM32\kernel.appcore.dll
0x00007fface550000 - 0x00007fface55a000 	C:\Users\electro fatal\Documents\sts-4.26.0.RELEASE\plugins\org.eclipse.justj.openjdk.hotspot.jre.full.win32.x86_64_21.0.4.v20240802-1551\jre\bin\jimage.dll
0x00007ffad1570000 - 0x00007ffad17a2000 	C:\WINDOWS\SYSTEM32\DBGHELP.DLL
0x00007ffad4fb0000 - 0x00007ffad5340000 	C:\WINDOWS\System32\combase.dll
0x00007ffad5b50000 - 0x00007ffad5c27000 	C:\WINDOWS\System32\OLEAUT32.dll
0x00007ffad0aa0000 - 0x00007ffad0ad2000 	C:\WINDOWS\SYSTEM32\dbgcore.DLL
0x00007ffad46a0000 - 0x00007ffad471b000 	C:\WINDOWS\System32\bcryptPrimitives.dll
0x00007ffac68f0000 - 0x00007ffac692c000 	C:\Users\electro fatal\Documents\sts-4.26.0.RELEASE\plugins\org.eclipse.justj.openjdk.hotspot.jre.full.win32.x86_64_21.0.4.v20240802-1551\jre\bin\jdwp.dll
0x00007ffac6e60000 - 0x00007ffac6e6f000 	C:\Users\electro fatal\Documents\sts-4.26.0.RELEASE\plugins\org.eclipse.justj.openjdk.hotspot.jre.full.win32.x86_64_21.0.4.v20240802-1551\jre\bin\instrument.dll
0x00007ffacaca0000 - 0x00007ffacacbf000 	C:\Users\electro fatal\Documents\sts-4.26.0.RELEASE\plugins\org.eclipse.justj.openjdk.hotspot.jre.full.win32.x86_64_21.0.4.v20240802-1551\jre\bin\java.dll
0x00007ffac7850000 - 0x00007ffac7868000 	C:\Users\electro fatal\Documents\sts-4.26.0.RELEASE\plugins\org.eclipse.justj.openjdk.hotspot.jre.full.win32.x86_64_21.0.4.v20240802-1551\jre\bin\zip.dll
0x00007ffad5e60000 - 0x00007ffad66e8000 	C:\WINDOWS\System32\SHELL32.dll
0x00007ffad4370000 - 0x00007ffad44af000 	C:\WINDOWS\System32\wintypes.dll
0x00007ffad1af0000 - 0x00007ffad23fd000 	C:\WINDOWS\SYSTEM32\windows.storage.dll
0x00007ffad4b30000 - 0x00007ffad4c3a000 	C:\WINDOWS\System32\SHCORE.dll
0x00007ffad69b0000 - 0x00007ffad6a0e000 	C:\WINDOWS\System32\shlwapi.dll
0x00007ffad3ac0000 - 0x00007ffad3aeb000 	C:\WINDOWS\SYSTEM32\profapi.dll
0x00007ffac68e0000 - 0x00007ffac68eb000 	C:\Users\electro fatal\Documents\sts-4.26.0.RELEASE\plugins\org.eclipse.justj.openjdk.hotspot.jre.full.win32.x86_64_21.0.4.v20240802-1551\jre\bin\dt_socket.dll
0x00007ffad2660000 - 0x00007ffad268d000 	C:\WINDOWS\SYSTEM32\IPHLPAPI.DLL
0x00007ffad3050000 - 0x00007ffad30ba000 	C:\WINDOWS\system32\mswsock.dll
0x00007ffad26d0000 - 0x00007ffad27d2000 	C:\WINDOWS\SYSTEM32\DNSAPI.dll
0x00007ffad4f50000 - 0x00007ffad4f59000 	C:\WINDOWS\System32\NSI.dll
0x00007ffacad70000 - 0x00007ffacad7a000 	C:\Windows\System32\rasadhlp.dll
0x00007ffaccc20000 - 0x00007ffaccca3000 	C:\WINDOWS\System32\fwpuclnt.dll
0x00007ffacdf90000 - 0x00007ffacdfa0000 	C:\Users\electro fatal\Documents\sts-4.26.0.RELEASE\plugins\org.eclipse.justj.openjdk.hotspot.jre.full.win32.x86_64_21.0.4.v20240802-1551\jre\bin\net.dll
0x00007ffacdde0000 - 0x00007ffacdf0c000 	C:\WINDOWS\SYSTEM32\WINHTTP.dll
0x00007ffac7760000 - 0x00007ffac7776000 	C:\Users\electro fatal\Documents\sts-4.26.0.RELEASE\plugins\org.eclipse.justj.openjdk.hotspot.jre.full.win32.x86_64_21.0.4.v20240802-1551\jre\bin\nio.dll
0x00007ffac6f30000 - 0x00007ffac6f3a000 	C:\Users\electro fatal\Documents\sts-4.26.0.RELEASE\plugins\org.eclipse.justj.openjdk.hotspot.jre.full.win32.x86_64_21.0.4.v20240802-1551\jre\bin\management.dll
0x00007ffac6ea0000 - 0x00007ffac6eab000 	C:\Users\electro fatal\Documents\sts-4.26.0.RELEASE\plugins\org.eclipse.justj.openjdk.hotspot.jre.full.win32.x86_64_21.0.4.v20240802-1551\jre\bin\management_ext.dll
0x00007ffad5ab0000 - 0x00007ffad5ab8000 	C:\WINDOWS\System32\PSAPI.DLL
0x00007ffa9ba80000 - 0x00007ffa9ba97000 	C:\WINDOWS\system32\napinsp.dll
0x00007ffa9ba60000 - 0x00007ffa9ba7b000 	C:\WINDOWS\system32\pnrpnsp.dll
0x00007ffa9ba40000 - 0x00007ffa9ba51000 	C:\WINDOWS\System32\winrnr.dll
0x00007ffacdd30000 - 0x00007ffacdd45000 	C:\WINDOWS\system32\wshbth.dll
0x00007ffa9ba10000 - 0x00007ffa9ba37000 	C:\WINDOWS\system32\nlansp_c.dll
0x00007ffad32b0000 - 0x00007ffad32cb000 	C:\WINDOWS\SYSTEM32\CRYPTSP.dll
0x00007ffad2b40000 - 0x00007ffad2b77000 	C:\WINDOWS\system32\rsaenh.dll
0x00007ffad3140000 - 0x00007ffad3168000 	C:\WINDOWS\SYSTEM32\USERENV.dll
0x00007ffad32a0000 - 0x00007ffad32ac000 	C:\WINDOWS\SYSTEM32\CRYPTBASE.dll
0x00007ffac7500000 - 0x00007ffac7509000 	C:\Users\electro fatal\Documents\sts-4.26.0.RELEASE\plugins\org.eclipse.justj.openjdk.hotspot.jre.full.win32.x86_64_21.0.4.v20240802-1551\jre\bin\extnet.dll
0x00007ffaca4a0000 - 0x00007ffaca4b0000 	C:\Users\electro fatal\Documents\sts-4.26.0.RELEASE\plugins\org.eclipse.justj.openjdk.hotspot.jre.full.win32.x86_64_21.0.4.v20240802-1551\jre\bin\verify.dll
0x00007ffac9f10000 - 0x00007ffac9f1e000 	C:\Users\electro fatal\Documents\sts-4.26.0.RELEASE\plugins\org.eclipse.justj.openjdk.hotspot.jre.full.win32.x86_64_21.0.4.v20240802-1551\jre\bin\sunmscapi.dll
0x00007ffad4530000 - 0x00007ffad4696000 	C:\WINDOWS\System32\CRYPT32.dll
0x00007ffad34d0000 - 0x00007ffad34fd000 	C:\WINDOWS\SYSTEM32\ncrypt.dll
0x00007ffad3490000 - 0x00007ffad34c7000 	C:\WINDOWS\SYSTEM32\NTASN1.dll
0x00007ffaab330000 - 0x00007ffaab338000 	C:\WINDOWS\system32\wshunix.dll

dbghelp: loaded successfully - version: 4.0.5 - missing functions: none
symbol engine: initialized successfully - sym options: 0x614 - pdb path: .;C:\Users\electro fatal\Documents\sts-4.26.0.RELEASE\plugins\org.eclipse.justj.openjdk.hotspot.jre.full.win32.x86_64_21.0.4.v20240802-1551\jre\bin;C:\WINDOWS\SYSTEM32;C:\WINDOWS\WinSxS\amd64_microsoft.windows.common-controls_6595b64144ccf1df_6.0.22621.4830_none_270fe7d773858e80;C:\Users\electro fatal\Documents\sts-4.26.0.RELEASE\plugins\org.eclipse.justj.openjdk.hotspot.jre.full.win32.x86_64_21.0.4.v20240802-1551\jre\bin\server

VM Arguments:
jvm_args: -XX:+ShowCodeDetailsInExceptionMessages -agentlib:jdwp=transport=dt_socket,suspend=y,address=localhost:59554 -Dcom.sun.management.jmxremote -Dcom.sun.management.jmxremote.port=59552 -Dcom.sun.management.jmxremote.authenticate=false -Dcom.sun.management.jmxremote.ssl=false -Djava.rmi.server.hostname=localhost -Dspring.jmx.enabled=true -Dmanagement.endpoints.jmx.exposure.include=* -Dspring.application.admin.enabled=true -XX:TieredStopAtLevel=1 -Dspring.boot.project.name=recruitment-website-app -javaagent:C:\Users\electro fatal\Documents\sts-4.26.0.RELEASE\configuration\org.eclipse.osgi\271\0\.cp\lib\javaagent-shaded.jar -Dfile.encoding=UTF-8 -Dstdout.encoding=UTF-8 -Dstderr.encoding=UTF-8 
java_command: com.oumaima.demo.RecruitmentWebsiteAppApplication --spring.output.ansi.enabled=always
java_class_path (initial): C:\Users\electro fatal\Documents\workspace-spring-tool-suite-4-4.26.0.RELEASE\recruitment-website-app\target\classes;C:\Users\electro fatal\.m2\repository\org\springframework\boot\spring-boot-starter-data-jpa\3.4.4\spring-boot-starter-data-jpa-3.4.4.jar;C:\Users\electro fatal\.m2\repository\org\springframework\boot\spring-boot-starter\3.4.4\spring-boot-starter-3.4.4.jar;C:\Users\electro fatal\.m2\repository\org\springframework\boot\spring-boot-starter-logging\3.4.4\spring-boot-starter-logging-3.4.4.jar;C:\Users\electro fatal\.m2\repository\ch\qos\logback\logback-classic\1.5.18\logback-classic-1.5.18.jar;C:\Users\electro fatal\.m2\repository\ch\qos\logback\logback-core\1.5.18\logback-core-1.5.18.jar;C:\Users\electro fatal\.m2\repository\org\apache\logging\log4j\log4j-to-slf4j\2.24.3\log4j-to-slf4j-2.24.3.jar;C:\Users\electro fatal\.m2\repository\org\apache\logging\log4j\log4j-api\2.24.3\log4j-api-2.24.3.jar;C:\Users\electro fatal\.m2\repository\org\slf4j\jul-to-slf4j\2.0.17\jul-to-slf4j-2.0.17.jar;C:\Users\electro fatal\.m2\repository\jakarta\annotation\jakarta.annotation-api\2.1.1\jakarta.annotation-api-2.1.1.jar;C:\Users\electro fatal\.m2\repository\org\yaml\snakeyaml\2.3\snakeyaml-2.3.jar;C:\Users\electro fatal\.m2\repository\org\springframework\boot\spring-boot-starter-jdbc\3.4.4\spring-boot-starter-jdbc-3.4.4.jar;C:\Users\electro fatal\.m2\repository\com\zaxxer\HikariCP\5.1.0\HikariCP-5.1.0.jar;C:\Users\electro fatal\.m2\repository\org\springframework\spring-jdbc\6.2.5\spring-jdbc-6.2.5.jar;C:\Users\electro fatal\.m2\repository\org\hibernate\orm\hibernate-core\6.6.11.Final\hibernate-core-6.6.11.Final.jar;C:\Users\electro fatal\.m2\repository\jakarta\persistence\jakarta.persistence-api\3.1.0\jakarta.persistence-api-3.1.0.jar;C:\Users\electro fatal\.m2\repository\jakarta\transaction\jakarta.transaction-api\2.0.1\jakarta.transaction-api-2.0.1.jar;C:\Users\electro fatal\.m2\repository\org\jboss\logging\jboss-logging\3.6.1.Final\jboss-logging-3.6.1.Final.jar;C:\Users\electro fatal\.m2\repository\org\hibernate\common\hibernate-commons-annotations\7.0.3.Final\hibernate-commons-annotations-7.0.3.Final.jar;C:\Users\electro fatal\.m2\repository\io\smallrye\jandex\3.2.0\jandex-3.2.0.jar;C:\Users\electro fatal\.m2\repository\com\fasterxml\classmate\1.7.0\classmate-1.7.0.jar;C:\Users\electro fatal\.m2\repository\net\bytebuddy\byte-buddy\1.15.11\byte-buddy-1.15.11.jar;C:\Users\electro fatal\.m2\repository\org\glassfish\jaxb\jaxb-runtime\4.0.5\jaxb-runtime-4.0.5.jar;C:\Users\electro fatal\.m2\repository\org\glassfish\jaxb\jaxb-core\4.0.5\jaxb-core-4.0.5.jar;C:\Users\electro fatal\.m2\repository\org\eclipse\angus\angus-activation\2.0.2\angus-activation-2.0.2.jar;C:\Users\electro fatal\.m2\repository\org\glassfish\jaxb\txw2\4.0.5\txw2-4.0.5.jar;C:\Users\electro fatal\.m2\repository\com\sun\istack\istack-commons-runtime\4.1.2\istack-commons-runtime-4.1.2.jar;C:\Users\electro fatal\.m2\repository\jakarta\inject\jakarta.inject-api\2.0.1\jakarta.inject-api-2.0.1.jar;C:\Users\electro fatal\.m2\repository\org\antlr\antlr4-runtime\4.13.0\antlr4-runtime-4.13.0.jar;C:\Users\electro fatal\.m2\repository\org\springframework\data\spring-data-jpa\3.4.4\spring-data-jpa-3.4.4.jar;C:\Users\electro fatal\.m2\repository\org\springframework\data\spring-data-commons\3.4.4\spring-data-commons-3.4.4.jar;C:\Users\electro fatal\.m2\repository\org\springframework\spring-orm\6.2.5\spring-orm-6.2.5.jar;C:\Users\electro fatal\.m2\repository\org\springframework\spring-context\6.2.5\spring-context-6.2.5.jar;C:\Users\electro fatal\.m2\repository\org\springframework\spring-aop\6.2.5\spring-aop-6.2.5.jar;C:\Users\electro fatal\.m2\repository\org\springframework\spring-tx\6.2.5\spring-tx-6.2.5.jar;C:\Users\electro fatal\.m2\repository\org\springframework\spring-beans\6.2.5\spring-beans-6.2.5.jar;C:\Users\electro fatal\.m2\repository\org\slf4j\slf4j-api\2.0.17\slf4j-api-2.0.17.jar;C:\Users\electro fatal\.m2\repository\org\springframework\spring-aspects\6.2.5\spring-aspects-6.2.5.jar;C:\Users\electro fatal\.m2\repository\org\aspectj\aspectjweaver\1.9.23\aspectjweaver-1.9.23.jar;C:\Users\electro fatal\.m2\repository\org\springframework\boot\spring-boot-starter-thymeleaf\3.4.4\spring-boot-starter-thymeleaf-3.4.4.jar;C:\Users\electro fatal\.m2\repository\org\thymeleaf\thymeleaf-spring6\3.1.3.RELEASE\thymeleaf-spring6-3.1.3.RELEASE.jar;C:\Users\electro fatal\.m2\repository\org\thymeleaf\thymeleaf\3.1.3.RELEASE\thymeleaf-3.1.3.RELEASE.jar;C:\Users\electro fatal\.m2\repository\org\attoparser\attoparser\2.0.7.RELEASE\attoparser-2.0.7.RELEASE.jar;C:\Users\electro fatal\.m2\repository\org\unbescape\unbescape\1.1.6.RELEASE\unbescape-1.1.6.RELEASE.jar;C:\Users\electro fatal\.m2\repository\com\h2database\h2\2.1.214\h2-2.1.214.jar;C:\Users\electro fatal\.m2\repository\org\springframework\boot\spring-boot-starter-web\3.4.4\spring-boot-starter-web-3.4.4.jar;C:\Users\electro fatal\.m2\repository\org\springframework\boot\spring-boot-starter-json\3.4.4\spring-boot-starter-json-3.4.4.jar;C:\Users\electro fatal\.m2\repository\com\fasterxml\jackson\core\jackson-databind\2.18.3\jackson-databind-2.18.3.jar;C:\Users\electro fatal\.m2\repository\com\fasterxml\jackson\core\jackson-annotations\2.18.3\jackson-annotations-2.18.3.jar;C:\Users\electro fatal\.m2\repository\com\fasterxml\jackson\core\jackson-core\2.18.3\jackson-core-2.18.3.jar;C:\Users\electro fatal\.m2\repository\com\fasterxml\jackson\datatype\jackson-datatype-jdk8\2.18.3\jackson-datatype-jdk8-2.18.3.jar;C:\Users\electro fatal\.m2\repository\com\fasterxml\jackson\datatype\jackson-datatype-jsr310\2.18.3\jackson-datatype-jsr310-2.18.3.jar;C:\Users\electro fatal\.m2\repository\com\fasterxml\jackson\module\jackson-module-parameter-names\2.18.3\jackson-module-parameter-names-2.18.3.jar;C:\Users\electro fatal\.m2\repository\org\springframework\boot\spring-boot-starter-tomcat\3.4.4\spring-boot-starter-tomcat-3.4.4.jar;C:\Users\electro fatal\.m2\repository\org\apache\tomcat\embed\tomcat-embed-core\10.1.39\tomcat-embed-core-10.1.39.jar;C:\Users\electro fatal\.m2\repository\org\apache\tomcat\embed\tomcat-embed-el\10.1.39\tomcat-embed-el-10.1.39.jar;C:\Users\electro fatal\.m2\repository\org\apache\tomcat\embed\tomcat-embed-websocket\10.1.39\tomcat-embed-websocket-10.1.39.jar;C:\Users\electro fatal\.m2\repository\org\springframework\spring-web\6.2.5\spring-web-6.2.5.jar;C:\Users\electro fatal\.m2\repository\io\micrometer\micrometer-observation\1.14.5\micrometer-observation-1.14.5.jar;C:\Users\electro fatal\.m2\repository\io\micrometer\micrometer-commons\1.14.5\micrometer-commons-1.14.5.jar;C:\Users\electro fatal\.m2\repository\org\springframework\spring-webmvc\6.2.5\spring-webmvc-6.2.5.jar;C:\Users\electro fatal\.m2\repository\org\springframework\spring-expression\6.2.5\spring-expression-6.2.5.jar;C:\Users\electro fatal\.m2\repository\org\springframework\boot\spring-boot-devtools\3.4.4\spring-boot-devtools-3.4.4.jar;C:\Users\electro fatal\.m2\repository\org\springframework\boot\spring-boot\3.4.4\spring-boot-3.4.4.jar;C:\Users\electro fatal\.m2\repository\org\springframework\boot\spring-boot-autoconfigure\3.4.4\spring-boot-autoconfigure-3.4.4.jar;C:\Users\electro fatal\.m2\repository\jakarta\xml\bind\jakarta.xml.bind-api\4.0.2\jakarta.xml.bind-api-4.0.2.jar;C:\Users\electro fatal\.m2\repository\jakarta\activation\jakarta.activation-api\2.1.3\jakarta.activation-api-2.1.3.jar;C:\Users\electro fatal\.m2\repository\org\springframework\spring-core\6.2.5\spring-core-6.2.5.jar;C:\Users\electro fatal\.m2\repository\org\springframework\spring-jcl\6.2.5\spring-jcl-6.2.5.jar
Launcher Type: SUN_STANDARD

[Global flags]
     intx CICompilerCount                          = 12                                        {product} {ergonomic}
     uint ConcGCThreads                            = 3                                         {product} {ergonomic}
     uint G1ConcRefinementThreads                  = 13                                        {product} {ergonomic}
   size_t G1HeapRegionSize                         = 1048576                                   {product} {ergonomic}
    uintx GCDrainStackTargetSize                   = 64                                        {product} {ergonomic}
   size_t InitialHeapSize                          = 123731968                                 {product} {ergonomic}
     bool ManagementServer                         = true                                      {product} {command line}
   size_t MarkStackSize                            = 4194304                                   {product} {ergonomic}
   size_t MaxHeapSize                              = 1977614336                                {product} {ergonomic}
   size_t MaxNewSize                               = 1185939456                                {product} {ergonomic}
   size_t MinHeapDeltaBytes                        = 1048576                                   {product} {ergonomic}
   size_t MinHeapSize                              = 8388608                                   {product} {ergonomic}
    uintx NonNMethodCodeHeapSize                   = 4096                                   {pd product} {ergonomic}
    uintx NonProfiledCodeHeapSize                  = 0                                      {pd product} {ergonomic}
     bool ProfileInterpreter                       = false                                  {pd product} {command line}
    uintx ProfiledCodeHeapSize                     = 0                                      {pd product} {ergonomic}
     bool ShowCodeDetailsInExceptionMessages       = true                                   {manageable} {command line}
   size_t SoftMaxHeapSize                          = 1977614336                             {manageable} {ergonomic}
     intx TieredStopAtLevel                        = 1                                         {product} {command line}
     bool UseCompressedOops                        = true                           {product lp64_product} {ergonomic}
     bool UseG1GC                                  = true                                      {product} {ergonomic}
     bool UseLargePagesIndividualAllocation        = false                                  {pd product} {ergonomic}

Logging:
Log output configuration:
 #0: stdout all=warning uptime,level,tags foldmultilines=false
 #1: stderr all=off uptime,level,tags foldmultilines=false

Environment Variables:
PATH=C:\Users\electro fatal\Documents\sts-4.26.0.RELEASE\plugins\org.eclipse.justj.openjdk.hotspot.jre.full.win32.x86_64_21.0.4.v20240802-1551\jre\bin;C:/Users/electro fatal/Documents/sts-4.26.0.RELEASE//plugins/org.eclipse.justj.openjdk.hotspot.jre.full.win32.x86_64_21.0.4.v20240802-1551/jre/bin/server;C:/Users/electro fatal/Documents/sts-4.26.0.RELEASE//plugins/org.eclipse.justj.openjdk.hotspot.jre.full.win32.x86_64_21.0.4.v20240802-1551/jre/bin;C:\Program Files\Common Files\Oracle\Java\javapath;C:\Program Files (x86)\VMware\VMware Workstation\bin\;C:\WINDOWS\system32;C:\WINDOWS;C:\WINDOWS\System32\Wbem;C:\WINDOWS\System32\WindowsPowerShell\v1.0\;C:\WINDOWS\System32\OpenSSH\;C:\Program Files\nodejs\;C:\Program Files\apache-maven-3.8.5\bin;C:\Users\electro fatal\AppData\Local\Programs\Python\Python311\Scripts\;C:\Users\electro fatal\AppData\Local\Programs\Python\Python311\;C:\Users\electro fatal\AppData\Local\Programs\Python\Python312\Scripts\;C:\Users\electro fatal\AppData\Local\Programs\Python\Python312\;C:\Users\electro fatal\AppData\Local\Microsoft\WindowsApps;C:\Users\electro fatal\AppData\Roaming\npm;C:\Users\electro fatal\AppData\Local\Programs\Microsoft VS Code\bin;;C:\Users\electro fatal\Documents\sts-4.26.0.RELEASE;
USERNAME=electro fatal
OS=Windows_NT
PROCESSOR_IDENTIFIER=AMD64 Family 23 Model 104 Stepping 1, AuthenticAMD
TMP=C:\Users\ELECTR~1\AppData\Local\Temp
TEMP=C:\Users\ELECTR~1\AppData\Local\Temp




Periodic native trim disabled

---------------  S Y S T E M  ---------------

OS:
 Windows 11 , 64 bit Build 22621 (10.0.22621.4974)
OS uptime: 3 days 1:02 hours

CPU: total 16 (initial active 16) (16 cores per cpu, 2 threads per core) family 23 model 104 stepping 1 microcode 0x0, cx8, cmov, fxsr, ht, mmx, 3dnowpref, sse, sse2, sse3, ssse3, sse4a, sse4.1, sse4.2, popcnt, lzcnt, tsc, tscinvbit, avx, avx2, aes, clmul, bmi1, bmi2, adx, sha, fma, vzeroupper, clflush, clflushopt, rdtscp, rdpid, f16c
Processor Information for all 16 processors :
  Max Mhz: 1801, Current Mhz: 1801, Mhz Limit: 1801

Memory: 4k page, system-wide physical 7542M (538M free)
TotalPageFile size 31094M (AvailPageFile size 9544M)
current process WorkingSet (physical memory assigned to process): 256M, peak: 270M
current process commit charge ("private bytes"): 335M, peak: 349M

vm_info: OpenJDK 64-Bit Server VM (21.0.4+7-LTS) for windows-amd64 JRE (21.0.4+7-LTS), built on 2024-07-16T00:00:00Z by "admin" with MS VC++ 17.7 (VS2022)

END.
